2018-07-31 16:07:449 INFO  LoggerHelper : 22 - Log is configuration successfully1
2018-07-31 16:07:453 INFO  LoggerHelper : 23 - Log is configuration successfully2
2018-07-31 16:07:453 INFO  LoggerHelper : 24 - Log is configuration successfully3
2018-07-31 16:07:648 INFO  LoggerHelper : 22 - Log is configuration successfully1
2018-07-31 16:07:652 INFO  LoggerHelper : 23 - Log is configuration successfully2
2018-07-31 16:07:652 INFO  LoggerHelper : 24 - Log is configuration successfully3
2018-07-31 16:47:17 INFO  LoggerHelper : 22 - Log is configuration successfully1
2018-07-31 16:47:18 INFO  LoggerHelper : 23 - Log is configuration successfully2
2018-07-31 16:47:18 INFO  LoggerHelper : 24 - Log is configuration successfully3
2018-07-31 16:47:54 INFO  LoggerHelper : 22 - Log is configuration successfully1
2018-07-31 16:47:54 INFO  LoggerHelper : 23 - Log is configuration successfully2
2018-07-31 16:47:54 INFO  LoggerHelper : 24 - Log is configuration successfully3
2018-07-31 17:00:02 INFO  LoggerHelper : 24 - Log is configuration successfully1
2018-07-31 17:00:02 INFO  LoggerHelper : 25 - Log is configuration successfully2
2018-07-31 17:00:02 INFO  LoggerHelper : 26 - Log is configuration successfully3
2018-08-01 15:37:24 INFO  Retry : 18 - Retrying test testLogin with status FAILURE for the 1 times
2018-08-01 15:37:24 INFO  Retry : 18 - Retrying test testLogin with status FAILURE for the 2 times
2018-08-01 15:37:24 INFO  Retry : 18 - Retrying test testLogin with status FAILURE for the 3 times
2018-08-01 15:37:24 INFO  Retry : 18 - Retrying test testLogin with status FAILURE for the 1 times
2018-08-01 15:37:24 INFO  Retry : 18 - Retrying test testLogin with status FAILURE for the 2 times
2018-08-01 15:37:24 INFO  Retry : 18 - Retrying test testLogin with status FAILURE for the 3 times
2018-08-01 15:54:19 INFO  Retry : 18 - Retrying test testLogin with status FAILURE for the 1 times
2018-08-01 15:54:19 INFO  Retry : 18 - Retrying test testLogin with status FAILURE for the 2 times
2018-08-01 15:54:19 INFO  Retry : 18 - Retrying test testLogin with status FAILURE for the 3 times
2018-08-01 15:54:19 INFO  Retry : 18 - Retrying test testLogin with status FAILURE for the 1 times
2018-08-01 15:54:19 INFO  Retry : 18 - Retrying test testLogin with status FAILURE for the 2 times
2018-08-01 15:54:19 INFO  Retry : 18 - Retrying test testLogin with status FAILURE for the 3 times
2018-08-01 15:56:34 INFO  Retry : 18 - Retrying test testLogin with status FAILURE for the 1 times
2018-08-01 15:56:34 INFO  Retry : 18 - Retrying test testLogin with status FAILURE for the 2 times
2018-08-01 15:56:34 INFO  Retry : 18 - Retrying test testLogin with status FAILURE for the 1 times
2018-08-01 15:56:34 INFO  Retry : 18 - Retrying test testLogin with status FAILURE for the 2 times
2018-08-02 10:31:56 INFO  ExcelHelper : 93 - Result updated ...
2018-08-02 10:32:21 INFO  ExcelHelper : 93 - Result updated ...
2018-08-02 10:33:25 INFO  ExcelHelper : 93 - Result updated ...
2018-08-02 10:37:22 INFO  ExcelHelper : 93 - Result updated ...
2018-08-02 10:38:08 INFO  ExcelHelper : 93 - Result updated ...
2018-08-02 10:39:55 INFO  ExcelHelper : 93 - Result updated ...
2018-08-02 10:40:49 INFO  ExcelHelper : 93 - Result updated ...
2018-08-02 10:43:25 INFO  ExcelHelper : 94 - result updated..
2018-08-02 10:44:07 INFO  ExcelHelper : 94 - result updated..
2018-08-02 10:44:35 INFO  ExcelHelper : 94 - result updated..
2018-08-02 14:16:14 INFO  AssertionHelper : 19 - make script pass ...
2018-08-02 14:16:14 INFO  AssertionHelper : 29 - make script false ...
2018-08-02 14:16:14 INFO  AssertionHelper : 19 - make script pass ...
2018-08-02 14:16:14 INFO  AssertionHelper : 29 - make script false ...
2018-08-02 14:22:44 INFO  AssertionHelper : 19 - make script pass ...
2018-08-02 14:22:45 INFO  AssertionHelper : 29 - make script false ...
2018-08-02 14:22:45 INFO  AssertionHelper : 19 - make script pass ...
2018-08-02 14:22:45 INFO  AssertionHelper : 29 - make script false ...
2018-08-02 14:36:24 INFO  AssertionHelper : 19 - make script pass ...
2018-08-02 14:36:25 INFO  AssertionHelper : 29 - make script false ...
2018-08-02 14:36:25 INFO  AssertionHelper : 19 - make script pass ...
2018-08-02 14:36:25 INFO  AssertionHelper : 29 - make script false ...
2018-08-02 14:36:25 INFO  AssertionHelper : 19 - make script pass ...
2018-08-02 14:36:25 INFO  AssertionHelper : 29 - make script false ...
2018-08-02 14:36:25 INFO  AssertionHelper : 19 - make script pass ...
2018-08-02 14:36:25 INFO  AssertionHelper : 29 - make script false ...
2018-08-02 17:12:46 INFO  TestBase : 115 - Initialize Web Driver : 2103569237
2018-08-02 17:12:46 INFO  WaitHelper : 38 - Implicit Wait has been set to: 30
2018-08-02 17:12:46 INFO  WaitHelper : 156 - Wait for page loading for SECONDS
2018-08-02 17:12:46 INFO  WaitHelper : 158 - Page is loaded
2018-08-02 17:23:31 INFO  TestBase : 115 - Initialize Web Driver : 502838712
2018-08-02 17:23:32 INFO  WaitHelper : 38 - Implicit Wait has been set to: 30
2018-08-02 17:23:32 INFO  WaitHelper : 156 - Wait for page loading for SECONDS
2018-08-02 17:23:32 INFO  WaitHelper : 158 - Page is loaded
2018-08-02 17:25:27 INFO  TestBase : 115 - Initialize Web Driver : 2103569237
2018-08-02 17:25:27 INFO  WaitHelper : 38 - Implicit Wait has been set to: 30
2018-08-02 17:25:27 INFO  WaitHelper : 156 - Wait for page loading for SECONDS
2018-08-02 17:25:27 INFO  WaitHelper : 158 - Page is loaded
2018-08-02 17:26:51 INFO  TestBase : 115 - Initialize Web Driver : 2103569237
2018-08-02 17:26:51 INFO  WaitHelper : 38 - Implicit Wait has been set to: 30
2018-08-02 17:26:51 INFO  WaitHelper : 156 - Wait for page loading for SECONDS
2018-08-02 17:26:51 INFO  WaitHelper : 158 - Page is loaded
2018-08-02 17:31:17 INFO  TestBase : 115 - Initialize Web Driver : 2103569237
2018-08-02 17:31:17 INFO  WaitHelper : 38 - Implicit Wait has been set to: 30
2018-08-02 17:31:17 INFO  WaitHelper : 156 - Wait for page loading for SECONDS
2018-08-02 17:31:17 INFO  WaitHelper : 158 - Page is loaded
2018-08-02 17:36:19 INFO  TestBase : 115 - Initialize Web Driver : 2103569237
2018-08-02 17:36:19 INFO  WaitHelper : 38 - Implicit Wait has been set to: 30
2018-08-02 17:36:19 INFO  WaitHelper : 156 - Wait for page loading for SECONDS
2018-08-02 17:36:19 INFO  WaitHelper : 158 - Page is loaded
2018-08-03 09:54:59 INFO  TestBase : 118 - Initialize Web Driver : 397071633
2018-08-03 09:54:59 INFO  WaitHelper : 38 - Implicit Wait has been set to: 30
2018-08-03 09:54:59 INFO  WaitHelper : 156 - Wait for page loading for SECONDS
2018-08-03 09:54:59 INFO  WaitHelper : 158 - Page is loaded
2018-08-03 10:04:40 INFO  TestBase : 118 - Initialize Web Driver : 397071633
2018-08-03 10:04:40 INFO  WaitHelper : 38 - Implicit Wait has been set to: 30
2018-08-03 10:04:40 INFO  WaitHelper : 156 - Wait for page loading for SECONDS
2018-08-03 10:04:40 INFO  WaitHelper : 158 - Page is loaded
2018-08-03 10:06:44 INFO  TestBase : 118 - Initialize Web Driver : 2103569237
2018-08-03 10:06:44 INFO  WaitHelper : 38 - Implicit Wait has been set to: 30
2018-08-03 10:06:44 INFO  WaitHelper : 156 - Wait for page loading for SECONDS
2018-08-03 10:06:44 INFO  WaitHelper : 158 - Page is loaded
2018-08-03 10:10:56 INFO  TestBase : 121 - Initialize Web Driver : 2103569237
2018-08-03 10:10:56 INFO  WaitHelper : 38 - Implicit Wait has been set to: 30
2018-08-03 10:10:56 INFO  WaitHelper : 156 - Wait for page loading for SECONDS
2018-08-03 10:10:56 INFO  WaitHelper : 158 - Page is loaded
2018-08-03 10:13:43 INFO  TestBase : 122 - Initialize Web Driver : 397071633
2018-08-03 10:13:43 INFO  WaitHelper : 38 - Implicit Wait has been set to: 30
2018-08-03 10:13:43 INFO  WaitHelper : 156 - Wait for page loading for SECONDS
2018-08-03 10:13:43 INFO  WaitHelper : 158 - Page is loaded
2018-08-03 11:15:10 INFO  ExtentListener : 64 - first test Class start...
2018-08-03 11:15:10 INFO  ExtentListener : 25 - testLogin test start...
2018-08-03 11:15:10 INFO  ExtentListener : 33 - testLogin test success...
2018-08-03 11:15:11 INFO  ExtentListener : 72 - first test test finished...
2018-08-03 11:15:11 INFO  ExtentListener : 64 - second test Class start...
2018-08-03 11:15:11 INFO  ExtentListener : 25 - testLogin test start...
2018-08-03 11:15:11 ERROR ExtentListener : 40 - testLogin test failure...java.lang.AssertionError: expected [true] but found [false]
2018-08-03 11:15:11 INFO  ExtentListener : 72 - second test test finished...
2018-08-03 11:15:11 INFO  ExtentListener : 64 - third test Class start...
2018-08-03 11:15:11 INFO  ExtentListener : 25 - testLogin test start...
2018-08-03 11:15:11 ERROR ExtentListener : 40 - testLogin test failure...java.lang.AssertionError: expected [true] but found [false]
2018-08-03 11:15:11 INFO  ExtentListener : 72 - third test test finished...
2018-08-03 11:15:11 INFO  ExtentListener : 64 - TestScreenShot Class start...
2018-08-03 11:15:18 INFO  TestBase : 122 - Initialize Web Driver : 1668910247
2018-08-03 11:15:18 INFO  WaitHelper : 38 - Implicit Wait has been set to: 30
2018-08-03 11:15:18 INFO  WaitHelper : 156 - Wait for page loading for SECONDS
2018-08-03 11:15:18 INFO  WaitHelper : 158 - Page is loaded
2018-08-03 11:15:19 INFO  ExtentListener : 25 - testScreen test start...
2018-08-03 11:15:21 INFO  ExtentListener : 33 - testScreen test success...
2018-08-03 11:15:22 INFO  ExtentListener : 72 - TestScreenShot test finished...
2018-08-03 11:23:34 INFO  ExtentListener : 64 - first test Class start...
2018-08-03 11:23:39 INFO  TestBase : 122 - Initialize Web Driver : 949684105
2018-08-03 11:23:39 INFO  WaitHelper : 38 - Implicit Wait has been set to: 30
2018-08-03 11:23:39 INFO  WaitHelper : 156 - Wait for page loading for SECONDS
2018-08-03 11:23:39 INFO  WaitHelper : 158 - Page is loaded
2018-08-03 11:23:40 INFO  ExtentListener : 25 - testLogin test start...
2018-08-03 11:23:40 INFO  ExtentListener : 33 - testLogin test success...
2018-08-03 11:23:40 INFO  ExtentListener : 72 - first test test finished...
2018-08-03 11:23:40 INFO  ExtentListener : 64 - second test Class start...
2018-08-03 11:23:44 INFO  TestBase : 122 - Initialize Web Driver : 1390301622
2018-08-03 11:23:44 INFO  WaitHelper : 38 - Implicit Wait has been set to: 30
2018-08-03 11:23:44 INFO  WaitHelper : 156 - Wait for page loading for SECONDS
2018-08-03 11:23:44 INFO  WaitHelper : 158 - Page is loaded
2018-08-03 11:23:46 INFO  ExtentListener : 25 - testLogin test start...
2018-08-03 11:23:46 ERROR ExtentListener : 40 - testLogin test failure...java.lang.AssertionError: expected [true] but found [false]
2018-08-03 11:23:46 INFO  ExtentListener : 72 - second test test finished...
2018-08-03 11:23:46 INFO  ExtentListener : 64 - third test Class start...
2018-08-03 11:23:52 INFO  TestBase : 122 - Initialize Web Driver : 1662912171
2018-08-03 11:23:52 INFO  WaitHelper : 38 - Implicit Wait has been set to: 30
2018-08-03 11:23:52 INFO  WaitHelper : 156 - Wait for page loading for SECONDS
2018-08-03 11:23:52 INFO  WaitHelper : 158 - Page is loaded
2018-08-03 11:23:53 INFO  ExtentListener : 25 - testLogin test start...
2018-08-03 11:23:53 ERROR ExtentListener : 40 - testLogin test failure...java.lang.AssertionError: expected [true] but found [false]
2018-08-03 11:23:54 INFO  ExtentListener : 72 - third test test finished...
2018-08-03 11:23:54 INFO  ExtentListener : 64 - TestScreenShot Class start...
2018-08-03 11:24:00 INFO  TestBase : 122 - Initialize Web Driver : 583015088
2018-08-03 11:24:00 INFO  WaitHelper : 38 - Implicit Wait has been set to: 30
2018-08-03 11:24:00 INFO  WaitHelper : 156 - Wait for page loading for SECONDS
2018-08-03 11:24:00 INFO  WaitHelper : 158 - Page is loaded
2018-08-03 11:24:01 INFO  ExtentListener : 25 - testScreen test start...
2018-08-03 11:24:05 INFO  ExtentListener : 33 - testScreen test success...
2018-08-03 11:24:05 INFO  ExtentListener : 72 - TestScreenShot test finished...
2018-08-03 11:33:45 INFO  ExtentListener : 64 - first test Class start...
2018-08-03 11:33:48 INFO  TestBase : 122 - Initialize Web Driver : 1208532123
2018-08-03 11:33:48 INFO  WaitHelper : 38 - Implicit Wait has been set to: 30
2018-08-03 11:33:48 INFO  WaitHelper : 156 - Wait for page loading for SECONDS
2018-08-03 11:33:48 INFO  WaitHelper : 158 - Page is loaded
2018-08-03 11:33:50 INFO  ExtentListener : 25 - testLogin test start...
2018-08-03 11:33:50 INFO  ExtentListener : 33 - testLogin test success...
2018-08-03 11:33:50 INFO  ExtentListener : 72 - first test test finished...
2018-08-03 11:33:50 INFO  ExtentListener : 64 - second test Class start...
2018-08-03 11:33:53 INFO  TestBase : 122 - Initialize Web Driver : 2101527076
2018-08-03 11:33:53 INFO  WaitHelper : 38 - Implicit Wait has been set to: 30
2018-08-03 11:33:53 INFO  WaitHelper : 156 - Wait for page loading for SECONDS
2018-08-03 11:33:53 INFO  WaitHelper : 158 - Page is loaded
2018-08-03 11:33:54 INFO  ExtentListener : 25 - testLogin test start...
2018-08-03 11:33:54 ERROR ExtentListener : 40 - testLogin test failure...java.lang.AssertionError: expected [true] but found [false]
2018-08-03 11:33:54 INFO  ExtentListener : 72 - second test test finished...
2018-08-03 11:33:54 INFO  ExtentListener : 64 - third test Class start...
2018-08-03 11:33:57 INFO  TestBase : 122 - Initialize Web Driver : 2002790740
2018-08-03 11:33:57 INFO  WaitHelper : 38 - Implicit Wait has been set to: 30
2018-08-03 11:33:57 INFO  WaitHelper : 156 - Wait for page loading for SECONDS
2018-08-03 11:33:57 INFO  WaitHelper : 158 - Page is loaded
2018-08-03 11:33:58 INFO  ExtentListener : 25 - testLogin test start...
2018-08-03 11:33:58 ERROR ExtentListener : 40 - testLogin test failure...java.lang.AssertionError: expected [true] but found [false]
2018-08-03 11:33:59 INFO  ExtentListener : 72 - third test test finished...
2018-08-03 11:33:59 INFO  ExtentListener : 64 - TestScreenShot Class start...
2018-08-03 11:34:04 INFO  TestBase : 122 - Initialize Web Driver : 1057569470
2018-08-03 11:34:04 INFO  WaitHelper : 38 - Implicit Wait has been set to: 30
2018-08-03 11:34:04 INFO  WaitHelper : 156 - Wait for page loading for SECONDS
2018-08-03 11:34:04 INFO  WaitHelper : 158 - Page is loaded
2018-08-03 11:34:05 INFO  ExtentListener : 25 - testScreen test start...
2018-08-03 11:34:09 INFO  ExtentListener : 33 - testScreen test success...
2018-08-03 11:34:09 INFO  ExtentListener : 72 - TestScreenShot test finished...
2018-08-03 14:54:20 INFO  ExtentListener : 64 - first test Class start...
2018-08-03 14:54:33 INFO  TestBase : 127 - Initialize Web Driver : 1893960929
2018-08-03 14:54:33 INFO  WaitHelper : 38 - Implicit Wait has been set to: 30
2018-08-03 14:54:33 INFO  WaitHelper : 156 - Wait for page loading for SECONDS
2018-08-03 14:54:33 INFO  WaitHelper : 158 - Page is loaded
2018-08-03 14:54:34 INFO  ExtentListener : 25 - testLogin test start...
2018-08-03 14:54:34 INFO  ExtentListener : 33 - testLogin test success...
2018-08-03 14:54:35 INFO  ExtentListener : 72 - first test test finished...
2018-08-03 14:54:35 INFO  ExtentListener : 64 - second test Class start...
2018-08-03 14:54:39 INFO  TestBase : 127 - Initialize Web Driver : 1894758168
2018-08-03 14:54:39 INFO  WaitHelper : 38 - Implicit Wait has been set to: 30
2018-08-03 14:54:39 INFO  WaitHelper : 156 - Wait for page loading for SECONDS
2018-08-03 14:54:39 INFO  WaitHelper : 158 - Page is loaded
2018-08-03 14:54:40 INFO  ExtentListener : 25 - testLogin test start...
2018-08-03 14:54:40 ERROR ExtentListener : 40 - testLogin test failure...java.lang.AssertionError: expected [true] but found [false]
2018-08-03 14:54:42 INFO  ExtentListener : 72 - second test test finished...
2018-08-03 14:54:42 INFO  ExtentListener : 64 - third test Class start...
2018-08-03 14:54:46 INFO  TestBase : 127 - Initialize Web Driver : 635288507
2018-08-03 14:54:46 INFO  WaitHelper : 38 - Implicit Wait has been set to: 30
2018-08-03 14:54:46 INFO  WaitHelper : 156 - Wait for page loading for SECONDS
2018-08-03 14:54:46 INFO  WaitHelper : 158 - Page is loaded
2018-08-03 14:54:47 INFO  ExtentListener : 25 - testLogin test start...
2018-08-03 14:54:47 ERROR ExtentListener : 40 - testLogin test failure...java.lang.AssertionError: expected [true] but found [false]
2018-08-03 14:54:49 INFO  ExtentListener : 72 - third test test finished...
2018-08-03 14:54:49 INFO  ExtentListener : 64 - TestScreenShot Class start...
2018-08-03 14:54:53 INFO  TestBase : 127 - Initialize Web Driver : 1893899796
2018-08-03 14:54:53 INFO  WaitHelper : 38 - Implicit Wait has been set to: 30
2018-08-03 14:54:53 INFO  WaitHelper : 156 - Wait for page loading for SECONDS
2018-08-03 14:54:53 INFO  WaitHelper : 158 - Page is loaded
2018-08-03 14:54:54 INFO  ExtentListener : 25 - testScreen test start...
2018-08-03 14:55:19 ERROR ExtentListener : 40 - testScreen test failure...org.openqa.selenium.NoSuchWindowException: no such window: target window already closed
from unknown error: web view not found
  (Session info: chrome=67.0.3396.99)
  (Driver info: chromedriver=2.41.578737 (49da6702b16031c40d63e5618de03a32ff6c197e),platform=Windows NT 6.1.7601 SP1 x86_64) (WARNING: The server did not provide any stacktrace information)
Command duration or timeout: 0 milliseconds
Build info: version: '3.13.0', revision: '2f0d292', time: '2018-06-25T15:24:21.231Z'
System info: host: 'CNCDUW0045', ip: '172.17.7.116', os.name: 'Windows 7', os.arch: 'amd64', os.version: '6.1', java.version: '1.8.0_111'
Driver info: org.openqa.selenium.chrome.ChromeDriver
Capabilities {acceptInsecureCerts: false, acceptSslCerts: false, applicationCacheEnabled: false, browserConnectionEnabled: false, browserName: chrome, chrome: {chromedriverVersion: 2.41.578737 (49da6702b16031..., userDataDir: C:\Users\CHARLE~1\AppData\L...}, cssSelectorsEnabled: true, databaseEnabled: false, goog:chromeOptions: {debuggerAddress: localhost:60567}, handlesAlerts: true, hasTouchScreen: false, javascriptEnabled: true, locationContextEnabled: true, mobileEmulationEnabled: false, nativeEvents: true, networkConnectionEnabled: false, pageLoadStrategy: normal, platform: XP, platformName: XP, rotatable: false, setWindowRect: true, takesHeapSnapshot: true, takesScreenshot: true, unexpectedAlertBehaviour: , unhandledPromptBehavior: , version: 67.0.3396.99, webStorageEnabled: true}
Session ID: f039895eaf05c381d458430e6531aac1
2018-08-03 14:55:20 INFO  ExtentListener : 72 - TestScreenShot test finished...
2018-08-03 14:58:25 INFO  ExtentListener : 64 - first test Class start...
2018-08-03 14:58:33 INFO  TestBase : 127 - Initialize Web Driver : 1893960929
2018-08-03 14:58:33 INFO  WaitHelper : 38 - Implicit Wait has been set to: 30
2018-08-03 14:58:33 INFO  WaitHelper : 156 - Wait for page loading for SECONDS
2018-08-03 14:58:33 INFO  WaitHelper : 158 - Page is loaded
2018-08-03 14:58:34 INFO  ExtentListener : 25 - testLogin test start...
2018-08-03 14:58:34 INFO  ExtentListener : 33 - testLogin test success...
2018-08-03 14:58:36 INFO  ExtentListener : 72 - first test test finished...
2018-08-03 14:58:36 INFO  ExtentListener : 64 - second test Class start...
2018-08-03 14:58:39 INFO  TestBase : 127 - Initialize Web Driver : 1894758168
2018-08-03 14:58:39 INFO  WaitHelper : 38 - Implicit Wait has been set to: 30
2018-08-03 14:58:39 INFO  WaitHelper : 156 - Wait for page loading for SECONDS
2018-08-03 14:58:39 INFO  WaitHelper : 158 - Page is loaded
2018-08-03 14:58:40 INFO  ExtentListener : 25 - testLogin test start...
2018-08-03 14:58:40 ERROR ExtentListener : 40 - testLogin test failure...java.lang.AssertionError: expected [true] but found [false]
2018-08-03 14:58:41 INFO  ExtentListener : 72 - second test test finished...
2018-08-03 14:58:41 INFO  ExtentListener : 64 - third test Class start...
2018-08-03 14:58:44 INFO  TestBase : 127 - Initialize Web Driver : 635288507
2018-08-03 14:58:44 INFO  WaitHelper : 38 - Implicit Wait has been set to: 30
2018-08-03 14:58:44 INFO  WaitHelper : 156 - Wait for page loading for SECONDS
2018-08-03 14:58:44 INFO  WaitHelper : 158 - Page is loaded
2018-08-03 14:58:45 INFO  ExtentListener : 25 - testLogin test start...
2018-08-03 14:58:45 ERROR ExtentListener : 40 - testLogin test failure...java.lang.AssertionError: expected [true] but found [false]
2018-08-03 14:58:47 INFO  ExtentListener : 72 - third test test finished...
2018-08-03 14:58:47 INFO  ExtentListener : 64 - TestScreenShot Class start...
2018-08-03 14:58:50 INFO  TestBase : 127 - Initialize Web Driver : 1893899796
2018-08-03 14:58:50 INFO  WaitHelper : 38 - Implicit Wait has been set to: 30
2018-08-03 14:58:50 INFO  WaitHelper : 156 - Wait for page loading for SECONDS
2018-08-03 14:58:50 INFO  WaitHelper : 158 - Page is loaded
2018-08-03 14:58:51 INFO  ExtentListener : 25 - testScreen test start...
2018-08-03 14:59:24 ERROR ExtentListener : 40 - testScreen test failure...org.openqa.selenium.NoSuchElementException: no such element: Unable to locate element: {"method":"class name","selector":"d"}
  (Session info: chrome=67.0.3396.99)
  (Driver info: chromedriver=2.41.578737 (49da6702b16031c40d63e5618de03a32ff6c197e),platform=Windows NT 6.1.7601 SP1 x86_64) (WARNING: The server did not provide any stacktrace information)
Command duration or timeout: 0 milliseconds
For documentation on this error, please visit: http://seleniumhq.org/exceptions/no_such_element.html
Build info: version: '3.13.0', revision: '2f0d292', time: '2018-06-25T15:24:21.231Z'
System info: host: 'CNCDUW0045', ip: '172.17.7.116', os.name: 'Windows 7', os.arch: 'amd64', os.version: '6.1', java.version: '1.8.0_111'
Driver info: org.openqa.selenium.chrome.ChromeDriver
Capabilities {acceptInsecureCerts: false, acceptSslCerts: false, applicationCacheEnabled: false, browserConnectionEnabled: false, browserName: chrome, chrome: {chromedriverVersion: 2.41.578737 (49da6702b16031..., userDataDir: C:\Users\CHARLE~1\AppData\L...}, cssSelectorsEnabled: true, databaseEnabled: false, goog:chromeOptions: {debuggerAddress: localhost:61212}, handlesAlerts: true, hasTouchScreen: false, javascriptEnabled: true, locationContextEnabled: true, mobileEmulationEnabled: false, nativeEvents: true, networkConnectionEnabled: false, pageLoadStrategy: normal, platform: XP, platformName: XP, rotatable: false, setWindowRect: true, takesHeapSnapshot: true, takesScreenshot: true, unexpectedAlertBehaviour: , unhandledPromptBehavior: , version: 67.0.3396.99, webStorageEnabled: true}
Session ID: e846bdd757b59305b4e3d3a81ee21155
*** Element info: {Using=class name, value=d}
2018-08-03 14:59:25 INFO  ExtentListener : 72 - TestScreenShot test finished...
2018-08-03 16:26:12 INFO  DataBaseHelper : 42 - Connect database successfully ...
2018-08-03 16:26:12 INFO  DataBaseHelper : 62 - Executing query: select * from t_student;
2018-08-03 16:26:34 INFO  DataBaseHelper : 42 - Connect database successfully ...
2018-08-03 16:26:34 INFO  DataBaseHelper : 62 - Executing query: select * from t_student;
2018-08-03 16:27:31 INFO  DataBaseHelper : 42 - Connect database successfully ...
2018-08-03 16:27:31 INFO  DataBaseHelper : 62 - Executing query: select * from t_student where classno=7
2018-08-03 16:28:18 INFO  DataBaseHelper : 42 - Connect database successfully ...
2018-08-03 16:28:18 INFO  DataBaseHelper : 62 - Executing query: select * from t_student where sno = 7
2018-08-03 16:28:34 INFO  DataBaseHelper : 42 - Connect database successfully ...
2018-08-03 16:28:34 INFO  DataBaseHelper : 62 - Executing query: select * from t_student where sno = 8
2018-08-03 16:29:41 INFO  DataBaseHelper : 42 - Connect database successfully ...
2018-08-03 16:29:41 INFO  DataBaseHelper : 62 - Executing query: select * from t_student where sno = 8;
2018-08-03 18:12:24 INFO  TestBase : 127 - Initialize Web Driver : 154173878
2018-08-03 18:12:24 INFO  WaitHelper : 28 - WaitHelper Object Created...
2018-08-03 18:12:25 INFO  WaitHelper : 39 - Implicit Wait has been set to: 30
2018-08-03 18:12:25 INFO  WaitHelper : 157 - Wait for page loading for SECONDS
2018-08-03 18:12:25 INFO  WaitHelper : 159 - Page is loaded
2018-08-03 18:12:28 INFO  WaitHelper : 28 - WaitHelper Object Created...
2018-08-03 18:14:10 INFO  TestBase : 127 - Initialize Web Driver : 154173878
2018-08-03 18:14:10 INFO  WaitHelper : 28 - WaitHelper Object Created...
2018-08-03 18:14:10 INFO  WaitHelper : 39 - Implicit Wait has been set to: 30
2018-08-03 18:14:10 INFO  WaitHelper : 157 - Wait for page loading for SECONDS
2018-08-03 18:14:10 INFO  WaitHelper : 159 - Page is loaded
2018-08-03 18:14:19 INFO  WaitHelper : 28 - WaitHelper Object Created...
2018-08-03 18:14:19 INFO  WaitHelper : 169 - waiting for :[[ChromeDriver: chrome on XP (7ed406dbf005a387b63bcfbab4c8b240)] -> css selector: #header > div.nav > div > div > nav > div.header_user_info > a] for :30 seconds
2018-08-03 18:14:19 INFO  WaitHelper : 172 - element is visible now...
2018-08-03 18:14:19 INFO  TestBase : 163 - Capturing UI navigation screen
2018-08-03 18:14:20 INFO  LoginPage : 46 - Click login link go to login page ...
2018-08-03 18:14:22 INFO  LoginPage : 51 - Enter username ... username
2018-08-03 18:14:22 INFO  LoginPage : 56 - Enter password ... password
2018-08-03 18:14:23 INFO  LoginPage : 61 - Click on submit button ...
2018-08-03 18:14:23 INFO  JavaScriptHelper : 18 - JavaScriptHelper has been initialised
2018-08-03 18:14:23 INFO  JavaScriptHelper : 55 - Scrolling down vertically
2018-08-06 17:58:58 INFO  TestBase : 127 - Initialize Web Driver : 154173878
2018-08-06 17:58:58 INFO  WaitHelper : 28 - WaitHelper Object Created...
2018-08-06 17:58:58 INFO  WaitHelper : 39 - Implicit Wait has been set to: 30
2018-08-06 17:58:58 INFO  WaitHelper : 157 - Wait for page loading for SECONDS
2018-08-06 17:58:58 INFO  WaitHelper : 159 - Page is loaded
2018-08-06 17:59:11 INFO  WaitHelper : 28 - WaitHelper Object Created...
2018-08-06 17:59:11 INFO  WaitHelper : 169 - waiting for :[[ChromeDriver: chrome on XP (9cf092d0037be08985512d5a91e11324)] -> css selector: #header > div.nav > div > div > nav > div.header_user_info > a] for :30 seconds
2018-08-06 17:59:12 INFO  WaitHelper : 172 - element is visible now...
2018-08-06 17:59:12 INFO  TestBase : 163 - Capturing UI navigation screen
2018-08-06 18:15:56 INFO  TestBase : 127 - Initialize Web Driver : 154173878
2018-08-06 18:15:56 INFO  WaitHelper : 28 - WaitHelper Object Created...
2018-08-06 18:15:56 INFO  WaitHelper : 39 - Implicit Wait has been set to: 30
2018-08-06 18:15:56 INFO  WaitHelper : 157 - Wait for page loading for SECONDS
2018-08-06 18:15:56 INFO  WaitHelper : 159 - Page is loaded
2018-08-06 18:16:09 INFO  WaitHelper : 28 - WaitHelper Object Created...
2018-08-06 18:16:09 INFO  WaitHelper : 169 - waiting for :[[ChromeDriver: chrome on XP (62a300fd6cc526649e924d33f38b8ac3)] -> css selector: #header > div.nav > div > div > nav > div.header_user_info > a] for :30 seconds
2018-08-06 18:16:09 INFO  WaitHelper : 172 - element is visible now...
2018-08-06 18:16:09 INFO  TestBase : 163 - Capturing UI navigation screen
2018-08-07 10:17:16 INFO  TestBase : 127 - Initialize Web Driver : 412925308
2018-08-07 10:17:16 INFO  WaitHelper : 28 - WaitHelper Object Created...
2018-08-07 10:17:16 INFO  WaitHelper : 39 - Implicit Wait has been set to: 30
2018-08-07 10:17:16 INFO  WaitHelper : 157 - Wait for page loading for SECONDS
2018-08-07 10:17:16 INFO  WaitHelper : 159 - Page is loaded
2018-08-07 10:17:26 INFO  WaitHelper : 28 - WaitHelper Object Created...
2018-08-07 10:17:27 INFO  WaitHelper : 169 - waiting for :[[ChromeDriver: chrome on XP (59deba4c41b6597d076b6a9a98443a9d)] -> css selector: #header > div.nav > div > div > nav > div.header_user_info > a] for :30 seconds
2018-08-07 10:17:27 INFO  WaitHelper : 172 - element is visible now...
2018-08-07 10:17:27 INFO  TestBase : 163 - Capturing UI navigation screen
2018-08-07 10:17:28 INFO  LoginPage : 47 - Click login link go to login page ...
2018-08-07 10:17:31 INFO  LoginPage : 53 - Enter username ... username
2018-08-07 10:17:31 INFO  LoginPage : 58 - Enter password ... password
2018-08-07 10:17:31 INFO  LoginPage : 63 - Click on submit button ...
2018-08-07 10:17:31 INFO  JavaScriptHelper : 18 - JavaScriptHelper has been initialised
2018-08-07 10:17:31 INFO  JavaScriptHelper : 55 - Scrolling down vertically
2018-08-07 10:17:40 INFO  TestBase : 127 - Initialize Web Driver : 1137078855
2018-08-07 10:17:40 INFO  WaitHelper : 28 - WaitHelper Object Created...
2018-08-07 10:17:40 INFO  WaitHelper : 39 - Implicit Wait has been set to: 30
2018-08-07 10:17:40 INFO  WaitHelper : 157 - Wait for page loading for SECONDS
2018-08-07 10:17:40 INFO  WaitHelper : 159 - Page is loaded
2018-08-07 10:17:41 INFO  AssertionHelper : 19 - make script pass ...
2018-08-07 10:17:41 INFO  AssertionHelper : 29 - make script false ...
2018-08-07 10:17:42 INFO  AssertionHelper : 19 - make script pass ...
2018-08-07 10:17:42 INFO  AssertionHelper : 29 - make script false ...
2018-08-07 10:17:48 INFO  TestBase : 127 - Initialize Web Driver : 1019348343
2018-08-07 10:17:48 INFO  WaitHelper : 28 - WaitHelper Object Created...
2018-08-07 10:17:48 INFO  WaitHelper : 39 - Implicit Wait has been set to: 30
2018-08-07 10:17:48 INFO  WaitHelper : 157 - Wait for page loading for SECONDS
2018-08-07 10:17:48 INFO  WaitHelper : 159 - Page is loaded
2018-08-07 10:17:49 INFO  AssertionHelper : 19 - make script pass ...
2018-08-07 10:17:49 INFO  AssertionHelper : 29 - make script false ...
2018-08-07 10:17:50 INFO  AssertionHelper : 19 - make script pass ...
2018-08-07 10:17:50 INFO  AssertionHelper : 29 - make script false ...
2018-08-07 10:51:31 INFO  ExtentListener : 64 - first test Class start...
2018-08-07 10:51:38 INFO  TestBase : 127 - Initialize Web Driver : 1323434987
2018-08-07 10:51:38 INFO  WaitHelper : 28 - WaitHelper Object Created...
2018-08-07 10:51:38 INFO  WaitHelper : 39 - Implicit Wait has been set to: 30
2018-08-07 10:51:38 INFO  WaitHelper : 157 - Wait for page loading for SECONDS
2018-08-07 10:51:38 INFO  WaitHelper : 159 - Page is loaded
2018-08-07 10:51:39 INFO  ExtentListener : 25 - testLogin test start...
2018-08-07 10:51:39 INFO  ExtentListener : 33 - testLogin test success...
2018-08-07 10:51:41 INFO  ExtentListener : 72 - first test test finished...
2018-08-07 10:51:41 INFO  ExtentListener : 64 - second test Class start...
2018-08-07 10:51:47 INFO  TestBase : 127 - Initialize Web Driver : 1348916831
2018-08-07 10:51:47 INFO  WaitHelper : 28 - WaitHelper Object Created...
2018-08-07 10:51:47 INFO  WaitHelper : 39 - Implicit Wait has been set to: 30
2018-08-07 10:51:47 INFO  WaitHelper : 157 - Wait for page loading for SECONDS
2018-08-07 10:51:47 INFO  WaitHelper : 159 - Page is loaded
2018-08-07 10:51:48 INFO  ExtentListener : 25 - testLogin test start...
2018-08-07 10:51:48 ERROR ExtentListener : 40 - testLogin test failure...java.lang.AssertionError: expected [true] but found [false]
2018-08-07 10:51:50 INFO  ExtentListener : 72 - second test test finished...
2018-08-07 10:51:50 INFO  ExtentListener : 64 - third test Class start...
2018-08-07 10:51:55 INFO  TestBase : 127 - Initialize Web Driver : 836969741
2018-08-07 10:51:55 INFO  WaitHelper : 28 - WaitHelper Object Created...
2018-08-07 10:51:55 INFO  WaitHelper : 39 - Implicit Wait has been set to: 30
2018-08-07 10:51:55 INFO  WaitHelper : 157 - Wait for page loading for SECONDS
2018-08-07 10:51:55 INFO  WaitHelper : 159 - Page is loaded
2018-08-07 10:51:56 INFO  ExtentListener : 25 - testLogin test start...
2018-08-07 10:51:56 ERROR ExtentListener : 40 - testLogin test failure...java.lang.AssertionError: expected [true] but found [false]
2018-08-07 10:51:58 INFO  ExtentListener : 72 - third test test finished...
2018-08-07 10:51:58 INFO  ExtentListener : 64 - TestScreenShot Class start...
2018-08-07 10:52:02 INFO  TestBase : 127 - Initialize Web Driver : 259077766
2018-08-07 10:52:02 INFO  WaitHelper : 28 - WaitHelper Object Created...
2018-08-07 10:52:02 INFO  WaitHelper : 39 - Implicit Wait has been set to: 30
2018-08-07 10:52:02 INFO  WaitHelper : 157 - Wait for page loading for SECONDS
2018-08-07 10:52:02 INFO  WaitHelper : 159 - Page is loaded
2018-08-07 10:52:03 INFO  ExtentListener : 25 - testScreen test start...
2018-08-07 10:52:12 ERROR ExtentListener : 40 - testScreen test failure...java.lang.NullPointerException
2018-08-07 10:52:13 INFO  ExtentListener : 72 - TestScreenShot test finished...
2018-08-07 10:53:47 INFO  ExtentListener : 64 - first test Class start...
2018-08-07 10:53:53 INFO  TestBase : 127 - Initialize Web Driver : 1176164144
2018-08-07 10:53:53 INFO  WaitHelper : 28 - WaitHelper Object Created...
2018-08-07 10:53:53 INFO  WaitHelper : 39 - Implicit Wait has been set to: 30
2018-08-07 10:53:53 INFO  WaitHelper : 157 - Wait for page loading for SECONDS
2018-08-07 10:53:53 INFO  WaitHelper : 159 - Page is loaded
2018-08-07 10:53:54 INFO  ExtentListener : 25 - testLogin test start...
2018-08-07 10:53:54 INFO  ExtentListener : 33 - testLogin test success...
2018-08-07 10:53:56 INFO  ExtentListener : 72 - first test test finished...
2018-08-07 10:53:56 INFO  ExtentListener : 64 - second test Class start...
2018-08-07 10:53:59 INFO  TestBase : 127 - Initialize Web Driver : 872522004
2018-08-07 10:53:59 INFO  WaitHelper : 28 - WaitHelper Object Created...
2018-08-07 10:53:59 INFO  WaitHelper : 39 - Implicit Wait has been set to: 30
2018-08-07 10:53:59 INFO  WaitHelper : 157 - Wait for page loading for SECONDS
2018-08-07 10:53:59 INFO  WaitHelper : 159 - Page is loaded
2018-08-07 10:54:00 INFO  ExtentListener : 25 - testLogin test start...
2018-08-07 10:54:00 ERROR ExtentListener : 40 - testLogin test failure...java.lang.AssertionError: expected [true] but found [false]
2018-08-07 10:54:01 INFO  ExtentListener : 72 - second test test finished...
2018-08-07 10:54:01 INFO  ExtentListener : 64 - third test Class start...
2018-08-07 10:54:05 INFO  TestBase : 127 - Initialize Web Driver : 1059634518
2018-08-07 10:54:05 INFO  WaitHelper : 28 - WaitHelper Object Created...
2018-08-07 10:54:05 INFO  WaitHelper : 39 - Implicit Wait has been set to: 30
2018-08-07 10:54:05 INFO  WaitHelper : 157 - Wait for page loading for SECONDS
2018-08-07 10:54:05 INFO  WaitHelper : 159 - Page is loaded
2018-08-07 10:54:06 INFO  ExtentListener : 25 - testLogin test start...
2018-08-07 10:54:06 ERROR ExtentListener : 40 - testLogin test failure...java.lang.AssertionError: expected [true] but found [false]
2018-08-07 10:54:07 INFO  ExtentListener : 72 - third test test finished...
2018-08-07 10:54:07 INFO  ExtentListener : 64 - TestScreenShot Class start...
2018-08-07 10:54:10 INFO  TestBase : 127 - Initialize Web Driver : 1215029765
2018-08-07 10:54:10 INFO  WaitHelper : 28 - WaitHelper Object Created...
2018-08-07 10:54:10 INFO  WaitHelper : 39 - Implicit Wait has been set to: 30
2018-08-07 10:54:10 INFO  WaitHelper : 157 - Wait for page loading for SECONDS
2018-08-07 10:54:10 INFO  WaitHelper : 159 - Page is loaded
2018-08-07 10:54:11 INFO  ExtentListener : 25 - testScreen test start...
2018-08-07 10:54:16 ERROR ExtentListener : 40 - testScreen test failure...java.lang.NullPointerException
2018-08-07 10:54:17 INFO  ExtentListener : 72 - TestScreenShot test finished...
2018-08-07 11:07:48 INFO  ExtentListener : 64 - first test Class start...
2018-08-07 11:07:54 INFO  TestBase : 127 - Initialize Web Driver : 1176164144
2018-08-07 11:07:54 INFO  WaitHelper : 28 - WaitHelper Object Created...
2018-08-07 11:07:54 INFO  WaitHelper : 39 - Implicit Wait has been set to: 30
2018-08-07 11:07:54 INFO  WaitHelper : 157 - Wait for page loading for SECONDS
2018-08-07 11:07:54 INFO  WaitHelper : 159 - Page is loaded
2018-08-07 11:07:55 INFO  ExtentListener : 25 - testLogin test start...
2018-08-07 11:07:55 INFO  ExtentListener : 33 - testLogin test success...
2018-08-07 11:07:57 INFO  ExtentListener : 72 - first test test finished...
2018-08-07 11:07:57 INFO  ExtentListener : 64 - second test Class start...
2018-08-07 11:08:01 INFO  TestBase : 127 - Initialize Web Driver : 872522004
2018-08-07 11:08:01 INFO  WaitHelper : 28 - WaitHelper Object Created...
2018-08-07 11:08:01 INFO  WaitHelper : 39 - Implicit Wait has been set to: 30
2018-08-07 11:08:01 INFO  WaitHelper : 157 - Wait for page loading for SECONDS
2018-08-07 11:08:01 INFO  WaitHelper : 159 - Page is loaded
2018-08-07 11:08:02 INFO  ExtentListener : 25 - testLogin test start...
2018-08-07 11:08:02 ERROR ExtentListener : 40 - testLogin test failure...java.lang.AssertionError: expected [true] but found [false]
2018-08-07 11:08:03 INFO  ExtentListener : 72 - second test test finished...
2018-08-07 11:08:03 INFO  ExtentListener : 64 - third test Class start...
2018-08-07 11:08:07 INFO  TestBase : 127 - Initialize Web Driver : 1059634518
2018-08-07 11:08:07 INFO  WaitHelper : 28 - WaitHelper Object Created...
2018-08-07 11:08:07 INFO  WaitHelper : 39 - Implicit Wait has been set to: 30
2018-08-07 11:08:07 INFO  WaitHelper : 157 - Wait for page loading for SECONDS
2018-08-07 11:08:07 INFO  WaitHelper : 159 - Page is loaded
2018-08-07 11:08:09 INFO  ExtentListener : 25 - testLogin test start...
2018-08-07 11:08:09 ERROR ExtentListener : 40 - testLogin test failure...java.lang.AssertionError: expected [true] but found [false]
2018-08-07 11:08:10 INFO  ExtentListener : 72 - third test test finished...
2018-08-07 11:08:10 INFO  ExtentListener : 64 - TestScreenShot Class start...
2018-08-07 11:08:14 INFO  TestBase : 127 - Initialize Web Driver : 1215029765
2018-08-07 11:08:14 INFO  WaitHelper : 28 - WaitHelper Object Created...
2018-08-07 11:08:14 INFO  WaitHelper : 39 - Implicit Wait has been set to: 30
2018-08-07 11:08:14 INFO  WaitHelper : 157 - Wait for page loading for SECONDS
2018-08-07 11:08:14 INFO  WaitHelper : 159 - Page is loaded
2018-08-07 11:08:15 INFO  ExtentListener : 25 - testScreen test start...
2018-08-07 11:08:33 ERROR ExtentListener : 40 - testScreen test failure...org.openqa.selenium.WebDriverException: chrome not reachable
  (Session info: chrome=68.0.3440.84)
  (Driver info: chromedriver=2.41.578737 (49da6702b16031c40d63e5618de03a32ff6c197e),platform=Windows NT 6.1.7601 SP1 x86_64) (WARNING: The server did not provide any stacktrace information)
Command duration or timeout: 0 milliseconds
Build info: version: '3.13.0', revision: '2f0d292', time: '2018-06-25T15:24:21.231Z'
System info: host: 'CNCDUW0045', ip: '169.254.193.76', os.name: 'Windows 7', os.arch: 'amd64', os.version: '6.1', java.version: '1.8.0_171'
Driver info: org.openqa.selenium.chrome.ChromeDriver
Capabilities {acceptInsecureCerts: false, acceptSslCerts: false, applicationCacheEnabled: false, browserConnectionEnabled: false, browserName: chrome, chrome: {chromedriverVersion: 2.41.578737 (49da6702b16031..., userDataDir: C:\Users\CHARLE~1\AppData\L...}, cssSelectorsEnabled: true, databaseEnabled: false, goog:chromeOptions: {debuggerAddress: localhost:56681}, handlesAlerts: true, hasTouchScreen: false, javascriptEnabled: true, locationContextEnabled: true, mobileEmulationEnabled: false, nativeEvents: true, networkConnectionEnabled: false, pageLoadStrategy: normal, platform: XP, platformName: XP, rotatable: false, setWindowRect: true, takesHeapSnapshot: true, takesScreenshot: true, unexpectedAlertBehaviour: , unhandledPromptBehavior: , version: 68.0.3440.84, webStorageEnabled: true}
Session ID: b67cca169abf42ef5326e9eb985719f9
*** Element info: {Using=class name, value=d}
2018-08-07 11:08:39 INFO  ExtentListener : 72 - TestScreenShot test finished...
2018-08-07 11:09:27 INFO  ExtentListener : 64 - first test Class start...
2018-08-07 11:09:32 INFO  TestBase : 127 - Initialize Web Driver : 596706728
2018-08-07 11:09:32 INFO  WaitHelper : 28 - WaitHelper Object Created...
2018-08-07 11:09:32 INFO  WaitHelper : 39 - Implicit Wait has been set to: 30
2018-08-07 11:09:32 INFO  WaitHelper : 157 - Wait for page loading for SECONDS
2018-08-07 11:09:32 INFO  WaitHelper : 159 - Page is loaded
2018-08-07 11:09:33 INFO  ExtentListener : 25 - testLogin test start...
2018-08-07 11:09:33 INFO  ExtentListener : 33 - testLogin test success...
2018-08-07 11:09:35 INFO  ExtentListener : 72 - first test test finished...
2018-08-07 11:09:35 INFO  ExtentListener : 64 - second test Class start...
2018-08-07 11:09:37 INFO  TestBase : 127 - Initialize Web Driver : 893640573
2018-08-07 11:09:37 INFO  WaitHelper : 28 - WaitHelper Object Created...
2018-08-07 11:09:37 INFO  WaitHelper : 39 - Implicit Wait has been set to: 30
2018-08-07 11:09:37 INFO  WaitHelper : 157 - Wait for page loading for SECONDS
2018-08-07 11:09:37 INFO  WaitHelper : 159 - Page is loaded
2018-08-07 11:09:38 INFO  ExtentListener : 25 - testLogin test start...
2018-08-07 11:09:38 ERROR ExtentListener : 40 - testLogin test failure...java.lang.AssertionError: expected [true] but found [false]
2018-08-07 11:09:40 INFO  ExtentListener : 72 - second test test finished...
2018-08-07 11:09:40 INFO  ExtentListener : 64 - third test Class start...
2018-08-07 11:09:42 INFO  TestBase : 127 - Initialize Web Driver : 1586470445
2018-08-07 11:09:42 INFO  WaitHelper : 28 - WaitHelper Object Created...
2018-08-07 11:09:42 INFO  WaitHelper : 39 - Implicit Wait has been set to: 30
2018-08-07 11:09:42 INFO  WaitHelper : 157 - Wait for page loading for SECONDS
2018-08-07 11:09:42 INFO  WaitHelper : 159 - Page is loaded
2018-08-07 11:09:43 INFO  ExtentListener : 25 - testLogin test start...
2018-08-07 11:09:43 ERROR ExtentListener : 40 - testLogin test failure...java.lang.AssertionError: expected [true] but found [false]
2018-08-07 11:09:45 INFO  ExtentListener : 72 - third test test finished...
2018-08-07 11:09:45 INFO  ExtentListener : 64 - TestScreenShot Class start...
2018-08-07 11:09:47 INFO  TestBase : 127 - Initialize Web Driver : 1198817209
2018-08-07 11:09:47 INFO  WaitHelper : 28 - WaitHelper Object Created...
2018-08-07 11:09:47 INFO  WaitHelper : 39 - Implicit Wait has been set to: 30
2018-08-07 11:09:47 INFO  WaitHelper : 157 - Wait for page loading for SECONDS
2018-08-07 11:09:47 INFO  WaitHelper : 159 - Page is loaded
2018-08-07 11:09:48 INFO  ExtentListener : 25 - testScreen test start...
2018-08-07 11:09:55 ERROR ExtentListener : 40 - testScreen test failure...java.lang.NullPointerException
2018-08-07 11:10:02 INFO  ExtentListener : 72 - TestScreenShot test finished...
2018-08-07 13:53:51 INFO  TestBase : 128 - Initialize Web Driver : 362827515
2018-08-07 13:53:51 INFO  WaitHelper : 28 - WaitHelper Object Created...
2018-08-07 13:53:51 INFO  WaitHelper : 39 - Implicit Wait has been set to: 30
2018-08-07 13:53:51 INFO  WaitHelper : 157 - Wait for page loading for SECONDS
2018-08-07 13:53:51 INFO  WaitHelper : 159 - Page is loaded
2018-08-07 13:53:52 INFO  TestBase : 189 - Excel location : D:\eclipse-workspace\uiFramework/src/main/resources/configFile/ExcelData.xls
2018-08-07 13:55:18 INFO  TestBase : 128 - Initialize Web Driver : 1056185446
2018-08-07 13:55:18 INFO  WaitHelper : 28 - WaitHelper Object Created...
2018-08-07 13:55:18 INFO  WaitHelper : 39 - Implicit Wait has been set to: 30
2018-08-07 13:55:18 INFO  WaitHelper : 157 - Wait for page loading for SECONDS
2018-08-07 13:55:18 INFO  WaitHelper : 159 - Page is loaded
2018-08-07 13:55:20 INFO  TestBase : 189 - Excel location : D:\eclipse-workspace\uiFramework/src/main/resources/configFile/ExcelData.xls
2018-08-07 13:56:25 INFO  TestBase : 128 - Initialize Web Driver : 362827515
2018-08-07 13:56:25 INFO  WaitHelper : 28 - WaitHelper Object Created...
2018-08-07 13:56:25 INFO  WaitHelper : 39 - Implicit Wait has been set to: 30
2018-08-07 13:56:25 INFO  WaitHelper : 157 - Wait for page loading for SECONDS
2018-08-07 13:56:25 INFO  WaitHelper : 159 - Page is loaded
2018-08-07 13:56:26 INFO  TestBase : 189 - Excel location : D:\eclipse-workspace\uiFramework/src/main/resources/configFile/ExcelData.xlsx
2018-08-07 13:57:50 INFO  TestBase : 128 - Initialize Web Driver : 362827515
2018-08-07 13:57:50 INFO  WaitHelper : 28 - WaitHelper Object Created...
2018-08-07 13:57:50 INFO  WaitHelper : 39 - Implicit Wait has been set to: 30
2018-08-07 13:57:50 INFO  WaitHelper : 157 - Wait for page loading for SECONDS
2018-08-07 13:57:50 INFO  WaitHelper : 159 - Page is loaded
2018-08-07 13:57:51 INFO  TestBase : 189 - Excel location : D:\eclipse-workspace\uiFramework/src/main/resources/configFile/ExcelData.xlsx
2018-08-07 14:57:40 INFO  TestBase : 128 - Initialize Web Driver : 362827515
2018-08-07 14:57:40 INFO  WaitHelper : 28 - WaitHelper Object Created...
2018-08-07 14:57:40 INFO  WaitHelper : 39 - Implicit Wait has been set to: 30
2018-08-07 14:57:40 INFO  WaitHelper : 157 - Wait for page loading for SECONDS
2018-08-07 14:57:40 INFO  WaitHelper : 159 - Page is loaded
2018-08-07 14:57:42 INFO  TestBase : 189 - Excel location : D:\eclipse-workspace\uiFramework/src/main/resources/configFile/ExcelData.xlsx
2018-08-07 15:21:07 INFO  ExtentListener : 64 - first test Class start...
2018-08-07 15:21:13 INFO  TestBase : 126 - Initialize Web Driver : 1552341957
2018-08-07 15:21:13 INFO  WaitHelper : 28 - WaitHelper Object Created...
2018-08-07 15:21:13 INFO  WaitHelper : 39 - Implicit Wait has been set to: 30
2018-08-07 15:21:13 INFO  WaitHelper : 157 - Wait for page loading for SECONDS
2018-08-07 15:21:13 INFO  WaitHelper : 159 - Page is loaded
2018-08-07 15:21:14 INFO  ExtentListener : 25 - testLogin test start...
2018-08-07 15:21:14 INFO  ExtentListener : 33 - testLogin test success...
2018-08-07 15:21:15 INFO  ExtentListener : 72 - first test test finished...
2018-08-07 15:21:15 INFO  ExtentListener : 64 - second test Class start...
2018-08-07 15:21:19 INFO  TestBase : 126 - Initialize Web Driver : 1700721442
2018-08-07 15:21:19 INFO  WaitHelper : 28 - WaitHelper Object Created...
2018-08-07 15:21:19 INFO  WaitHelper : 39 - Implicit Wait has been set to: 30
2018-08-07 15:21:19 INFO  WaitHelper : 157 - Wait for page loading for SECONDS
2018-08-07 15:21:19 INFO  WaitHelper : 159 - Page is loaded
2018-08-07 15:21:20 INFO  ExtentListener : 25 - testLogin test start...
2018-08-07 15:21:20 ERROR ExtentListener : 40 - testLogin test failure...java.lang.AssertionError: expected [true] but found [false]
2018-08-07 15:21:22 INFO  ExtentListener : 72 - second test test finished...
2018-08-07 15:21:22 INFO  ExtentListener : 64 - third test Class start...
2018-08-07 15:21:26 INFO  TestBase : 126 - Initialize Web Driver : 429058804
2018-08-07 15:21:26 INFO  WaitHelper : 28 - WaitHelper Object Created...
2018-08-07 15:21:26 INFO  WaitHelper : 39 - Implicit Wait has been set to: 30
2018-08-07 15:21:26 INFO  WaitHelper : 157 - Wait for page loading for SECONDS
2018-08-07 15:21:26 INFO  WaitHelper : 159 - Page is loaded
2018-08-07 15:21:27 INFO  ExtentListener : 25 - testLogin test start...
2018-08-07 15:21:27 ERROR ExtentListener : 40 - testLogin test failure...java.lang.AssertionError: expected [true] but found [false]
2018-08-07 15:21:28 INFO  ExtentListener : 72 - third test test finished...
2018-08-07 15:21:28 INFO  ExtentListener : 64 - TestScreenShot Class start...
2018-08-07 15:21:32 INFO  TestBase : 126 - Initialize Web Driver : 380616082
2018-08-07 15:21:32 INFO  WaitHelper : 28 - WaitHelper Object Created...
2018-08-07 15:21:32 INFO  WaitHelper : 39 - Implicit Wait has been set to: 30
2018-08-07 15:21:32 INFO  WaitHelper : 157 - Wait for page loading for SECONDS
2018-08-07 15:21:32 INFO  WaitHelper : 159 - Page is loaded
2018-08-07 15:21:33 INFO  ExtentListener : 25 - testScreen test start...
2018-08-07 15:22:16 ERROR ExtentListener : 40 - testScreen test failure...org.openqa.selenium.NoSuchElementException: no such element: Unable to locate element: {"method":"class name","selector":"d"}
  (Session info: chrome=68.0.3440.84)
  (Driver info: chromedriver=2.41.578737 (49da6702b16031c40d63e5618de03a32ff6c197e),platform=Windows NT 6.1.7601 SP1 x86_64) (WARNING: The server did not provide any stacktrace information)
Command duration or timeout: 0 milliseconds
For documentation on this error, please visit: http://seleniumhq.org/exceptions/no_such_element.html
Build info: version: '3.13.0', revision: '2f0d292', time: '2018-06-25T15:24:21.231Z'
System info: host: 'CNCDUW0045', ip: '169.254.193.76', os.name: 'Windows 7', os.arch: 'amd64', os.version: '6.1', java.version: '1.8.0_171'
Driver info: org.openqa.selenium.chrome.ChromeDriver
Capabilities {acceptInsecureCerts: false, acceptSslCerts: false, applicationCacheEnabled: false, browserConnectionEnabled: false, browserName: chrome, chrome: {chromedriverVersion: 2.41.578737 (49da6702b16031..., userDataDir: C:\Users\CHARLE~1\AppData\L...}, cssSelectorsEnabled: true, databaseEnabled: false, goog:chromeOptions: {debuggerAddress: localhost:56180}, handlesAlerts: true, hasTouchScreen: false, javascriptEnabled: true, locationContextEnabled: true, mobileEmulationEnabled: false, nativeEvents: true, networkConnectionEnabled: false, pageLoadStrategy: normal, platform: XP, platformName: XP, rotatable: false, setWindowRect: true, takesHeapSnapshot: true, takesScreenshot: true, unexpectedAlertBehaviour: , unhandledPromptBehavior: , version: 68.0.3440.84, webStorageEnabled: true}
Session ID: af2dd383f7aaa78c7693d60d70070b06
*** Element info: {Using=class name, value=d}
2018-08-07 15:22:18 INFO  ExtentListener : 72 - TestScreenShot test finished...
2018-08-07 15:59:44 INFO  ExtentListener : 64 - first test Class start...
2018-08-07 15:59:51 INFO  TestBase : 126 - Initialize Web Driver : 1885922916
2018-08-07 15:59:51 INFO  WaitHelper : 28 - WaitHelper Object Created...
2018-08-07 15:59:52 INFO  WaitHelper : 39 - Implicit Wait has been set to: 30
2018-08-07 15:59:52 INFO  WaitHelper : 157 - Wait for page loading for SECONDS
2018-08-07 15:59:52 INFO  WaitHelper : 159 - Page is loaded
2018-08-07 15:59:53 INFO  ExtentListener : 25 - testLogin test start...
2018-08-07 15:59:53 INFO  ExtentListener : 33 - testLogin test success...
2018-08-07 15:59:54 INFO  ExtentListener : 72 - first test test finished...
2018-08-07 15:59:54 INFO  ExtentListener : 64 - second test Class start...
2018-08-07 16:00:01 INFO  TestBase : 126 - Initialize Web Driver : 1110698130
2018-08-07 16:00:01 INFO  WaitHelper : 28 - WaitHelper Object Created...
2018-08-07 16:00:01 INFO  WaitHelper : 39 - Implicit Wait has been set to: 30
2018-08-07 16:00:01 INFO  WaitHelper : 157 - Wait for page loading for SECONDS
2018-08-07 16:00:01 INFO  WaitHelper : 159 - Page is loaded
2018-08-07 16:00:02 INFO  ExtentListener : 25 - testLogin test start...
2018-08-07 16:00:02 ERROR ExtentListener : 40 - testLogin test failure...java.lang.AssertionError: expected [true] but found [false]
2018-08-07 16:00:03 INFO  ExtentListener : 72 - second test test finished...
2018-08-07 16:00:03 INFO  ExtentListener : 64 - third test Class start...
2018-08-07 16:00:08 INFO  TestBase : 126 - Initialize Web Driver : 836969741
2018-08-07 16:00:08 INFO  WaitHelper : 28 - WaitHelper Object Created...
2018-08-07 16:00:08 INFO  WaitHelper : 39 - Implicit Wait has been set to: 30
2018-08-07 16:00:08 INFO  WaitHelper : 157 - Wait for page loading for SECONDS
2018-08-07 16:00:08 INFO  WaitHelper : 159 - Page is loaded
2018-08-07 16:00:09 INFO  ExtentListener : 25 - testLogin test start...
2018-08-07 16:00:09 ERROR ExtentListener : 40 - testLogin test failure...java.lang.AssertionError: expected [true] but found [false]
2018-08-07 16:00:10 INFO  ExtentListener : 72 - third test test finished...
2018-08-07 16:00:10 INFO  ExtentListener : 64 - TestScreenShot Class start...
2018-08-07 16:00:15 INFO  TestBase : 126 - Initialize Web Driver : 1215029765
2018-08-07 16:00:15 INFO  WaitHelper : 28 - WaitHelper Object Created...
2018-08-07 16:00:15 INFO  WaitHelper : 39 - Implicit Wait has been set to: 30
2018-08-07 16:00:15 INFO  WaitHelper : 157 - Wait for page loading for SECONDS
2018-08-07 16:00:15 INFO  WaitHelper : 159 - Page is loaded
2018-08-07 16:00:16 INFO  ExtentListener : 25 - testScreen test start...
2018-08-07 16:01:01 ERROR ExtentListener : 40 - testScreen test failure...org.openqa.selenium.NoSuchElementException: no such element: Unable to locate element: {"method":"class name","selector":"d"}
  (Session info: chrome=68.0.3440.84)
  (Driver info: chromedriver=2.41.578737 (49da6702b16031c40d63e5618de03a32ff6c197e),platform=Windows NT 6.1.7601 SP1 x86_64) (WARNING: The server did not provide any stacktrace information)
Command duration or timeout: 0 milliseconds
For documentation on this error, please visit: http://seleniumhq.org/exceptions/no_such_element.html
Build info: version: '3.13.0', revision: '2f0d292', time: '2018-06-25T15:24:21.231Z'
System info: host: 'CNCDUW0045', ip: '169.254.193.76', os.name: 'Windows 7', os.arch: 'amd64', os.version: '6.1', java.version: '1.8.0_171'
Driver info: org.openqa.selenium.chrome.ChromeDriver
Capabilities {acceptInsecureCerts: false, acceptSslCerts: false, applicationCacheEnabled: false, browserConnectionEnabled: false, browserName: chrome, chrome: {chromedriverVersion: 2.41.578737 (49da6702b16031..., userDataDir: C:\Users\CHARLE~1\AppData\L...}, cssSelectorsEnabled: true, databaseEnabled: false, goog:chromeOptions: {debuggerAddress: localhost:61606}, handlesAlerts: true, hasTouchScreen: false, javascriptEnabled: true, locationContextEnabled: true, mobileEmulationEnabled: false, nativeEvents: true, networkConnectionEnabled: false, pageLoadStrategy: normal, platform: XP, platformName: XP, rotatable: false, setWindowRect: true, takesHeapSnapshot: true, takesScreenshot: true, unexpectedAlertBehaviour: , unhandledPromptBehavior: , version: 68.0.3440.84, webStorageEnabled: true}
Session ID: 1818d82d4351a125a5021af67c90d5b2
*** Element info: {Using=class name, value=d}
2018-08-07 16:01:06 INFO  ExtentListener : 72 - TestScreenShot test finished...
2018-08-07 17:10:14 INFO  ExtentListener : 64 - first test Class start...
2018-08-07 17:10:20 INFO  TestBase : 126 - Initialize Web Driver : 1176164144
2018-08-07 17:10:20 INFO  WaitHelper : 28 - WaitHelper Object Created...
2018-08-07 17:10:20 INFO  WaitHelper : 39 - Implicit Wait has been set to: 30
2018-08-07 17:10:20 INFO  WaitHelper : 157 - Wait for page loading for SECONDS
2018-08-07 17:10:20 INFO  WaitHelper : 159 - Page is loaded
2018-08-07 17:10:21 INFO  ExtentListener : 25 - testLogin test start...
2018-08-07 17:10:21 INFO  ExtentListener : 33 - testLogin test success...
2018-08-07 17:10:28 INFO  ExtentListener : 72 - first test test finished...
2018-08-07 17:10:28 INFO  ExtentListener : 64 - second test Class start...
2018-08-07 17:10:35 INFO  TestBase : 126 - Initialize Web Driver : 2116511124
2018-08-07 17:10:35 INFO  WaitHelper : 28 - WaitHelper Object Created...
2018-08-07 17:10:35 INFO  WaitHelper : 39 - Implicit Wait has been set to: 30
2018-08-07 17:10:35 INFO  WaitHelper : 157 - Wait for page loading for SECONDS
2018-08-07 17:10:35 INFO  WaitHelper : 159 - Page is loaded
2018-08-07 17:10:36 INFO  ExtentListener : 25 - testLogin test start...
2018-08-07 17:10:37 ERROR ExtentListener : 40 - testLogin test failure...java.lang.AssertionError: expected [true] but found [false]
2018-08-07 17:10:39 INFO  ExtentListener : 72 - second test test finished...
2018-08-07 17:10:39 INFO  ExtentListener : 64 - third test Class start...
2018-08-07 17:10:43 INFO  TestBase : 126 - Initialize Web Driver : 259319861
2018-08-07 17:10:43 INFO  WaitHelper : 28 - WaitHelper Object Created...
2018-08-07 17:10:43 INFO  WaitHelper : 39 - Implicit Wait has been set to: 30
2018-08-07 17:10:43 INFO  WaitHelper : 157 - Wait for page loading for SECONDS
2018-08-07 17:10:43 INFO  WaitHelper : 159 - Page is loaded
2018-08-07 17:10:44 INFO  ExtentListener : 25 - testLogin test start...
2018-08-07 17:10:44 ERROR ExtentListener : 40 - testLogin test failure...java.lang.AssertionError: expected [true] but found [false]
2018-08-07 17:10:46 INFO  ExtentListener : 72 - third test test finished...
2018-08-07 17:10:46 INFO  ExtentListener : 64 - TestScreenShot Class start...
2018-08-07 17:10:52 INFO  TestBase : 126 - Initialize Web Driver : 744316958
2018-08-07 17:10:52 INFO  WaitHelper : 28 - WaitHelper Object Created...
2018-08-07 17:10:52 INFO  WaitHelper : 39 - Implicit Wait has been set to: 30
2018-08-07 17:10:52 INFO  WaitHelper : 157 - Wait for page loading for SECONDS
2018-08-07 17:10:52 INFO  WaitHelper : 159 - Page is loaded
2018-08-07 17:10:53 INFO  ExtentListener : 25 - testScreen test start...
2018-08-07 17:11:18 ERROR ExtentListener : 40 - testScreen test failure...java.lang.NullPointerException
2018-08-07 17:11:19 INFO  ExtentListener : 72 - TestScreenShot test finished...
2018-08-07 17:33:02 INFO  ExtentListener : 64 - first test Class start...
2018-08-07 17:33:09 INFO  TestBase : 126 - Initialize Web Driver : 1552341957
2018-08-07 17:33:09 INFO  WaitHelper : 28 - WaitHelper Object Created...
2018-08-07 17:33:09 INFO  WaitHelper : 39 - Implicit Wait has been set to: 30
2018-08-07 17:33:09 INFO  WaitHelper : 157 - Wait for page loading for SECONDS
2018-08-07 17:33:09 INFO  WaitHelper : 159 - Page is loaded
2018-08-07 17:33:10 INFO  ExtentListener : 25 - testLogin test start...
2018-08-07 17:33:10 INFO  ExtentListener : 33 - testLogin test success...
2018-08-07 17:33:12 INFO  ExtentListener : 72 - first test test finished...
2018-08-07 17:33:12 INFO  ExtentListener : 64 - second test Class start...
2018-08-07 17:33:17 INFO  TestBase : 126 - Initialize Web Driver : 1700721442
2018-08-07 17:33:17 INFO  WaitHelper : 28 - WaitHelper Object Created...
2018-08-07 17:33:17 INFO  WaitHelper : 39 - Implicit Wait has been set to: 30
2018-08-07 17:33:17 INFO  WaitHelper : 157 - Wait for page loading for SECONDS
2018-08-07 17:33:17 INFO  WaitHelper : 159 - Page is loaded
2018-08-07 17:33:18 INFO  ExtentListener : 25 - testLogin test start...
2018-08-07 17:33:18 ERROR ExtentListener : 40 - testLogin test failure...java.lang.AssertionError: expected [true] but found [false]
2018-08-07 17:33:19 INFO  ExtentListener : 72 - second test test finished...
2018-08-07 17:33:19 INFO  ExtentListener : 64 - third test Class start...
2018-08-07 17:33:24 INFO  TestBase : 126 - Initialize Web Driver : 429058804
2018-08-07 17:33:24 INFO  WaitHelper : 28 - WaitHelper Object Created...
2018-08-07 17:33:24 INFO  WaitHelper : 39 - Implicit Wait has been set to: 30
2018-08-07 17:33:24 INFO  WaitHelper : 157 - Wait for page loading for SECONDS
2018-08-07 17:33:24 INFO  WaitHelper : 159 - Page is loaded
2018-08-07 17:33:25 INFO  ExtentListener : 25 - testLogin test start...
2018-08-07 17:33:25 ERROR ExtentListener : 40 - testLogin test failure...java.lang.AssertionError: expected [true] but found [false]
2018-08-07 17:33:26 INFO  ExtentListener : 72 - third test test finished...
2018-08-07 17:33:26 INFO  ExtentListener : 64 - TestScreenShot Class start...
2018-08-07 17:33:30 INFO  TestBase : 126 - Initialize Web Driver : 380616082
2018-08-07 17:33:30 INFO  WaitHelper : 28 - WaitHelper Object Created...
2018-08-07 17:33:31 INFO  WaitHelper : 39 - Implicit Wait has been set to: 30
2018-08-07 17:33:31 INFO  WaitHelper : 157 - Wait for page loading for SECONDS
2018-08-07 17:33:31 INFO  WaitHelper : 159 - Page is loaded
2018-08-07 17:33:32 INFO  ExtentListener : 25 - testScreen test start...
2018-08-07 17:34:13 ERROR ExtentListener : 40 - testScreen test failure...org.openqa.selenium.NoSuchElementException: no such element: Unable to locate element: {"method":"class name","selector":"d"}
  (Session info: chrome=68.0.3440.84)
  (Driver info: chromedriver=2.41.578737 (49da6702b16031c40d63e5618de03a32ff6c197e),platform=Windows NT 6.1.7601 SP1 x86_64) (WARNING: The server did not provide any stacktrace information)
Command duration or timeout: 0 milliseconds
For documentation on this error, please visit: http://seleniumhq.org/exceptions/no_such_element.html
Build info: version: '3.13.0', revision: '2f0d292', time: '2018-06-25T15:24:21.231Z'
System info: host: 'CNCDUW0045', ip: '169.254.193.76', os.name: 'Windows 7', os.arch: 'amd64', os.version: '6.1', java.version: '1.8.0_171'
Driver info: org.openqa.selenium.chrome.ChromeDriver
Capabilities {acceptInsecureCerts: false, acceptSslCerts: false, applicationCacheEnabled: false, browserConnectionEnabled: false, browserName: chrome, chrome: {chromedriverVersion: 2.41.578737 (49da6702b16031..., userDataDir: C:\Users\CHARLE~1\AppData\L...}, cssSelectorsEnabled: true, databaseEnabled: false, goog:chromeOptions: {debuggerAddress: localhost:59870}, handlesAlerts: true, hasTouchScreen: false, javascriptEnabled: true, locationContextEnabled: true, mobileEmulationEnabled: false, nativeEvents: true, networkConnectionEnabled: false, pageLoadStrategy: normal, platform: XP, platformName: XP, rotatable: false, setWindowRect: true, takesHeapSnapshot: true, takesScreenshot: true, unexpectedAlertBehaviour: , unhandledPromptBehavior: , version: 68.0.3440.84, webStorageEnabled: true}
Session ID: 6edcdd972e1ea4af25cf74aeab5563b8
*** Element info: {Using=class name, value=d}
2018-08-07 17:34:17 INFO  ExtentListener : 72 - TestScreenShot test finished...
2018-08-07 18:10:30 INFO  TestBase : 126 - Initialize Web Driver : 1236444285
2018-08-07 18:10:30 INFO  WaitHelper : 28 - WaitHelper Object Created...
2018-08-07 18:10:30 INFO  WaitHelper : 39 - Implicit Wait has been set to: 30
2018-08-07 18:10:30 INFO  WaitHelper : 157 - Wait for page loading for SECONDS
2018-08-07 18:10:30 INFO  WaitHelper : 159 - Page is loaded
2018-08-07 18:10:31 INFO  AssertionHelper : 19 - make script pass ...
2018-08-07 18:11:23 INFO  TestBase : 126 - Initialize Web Driver : 1236444285
2018-08-07 18:11:23 INFO  WaitHelper : 28 - WaitHelper Object Created...
2018-08-07 18:11:23 INFO  WaitHelper : 39 - Implicit Wait has been set to: 30
2018-08-07 18:11:23 INFO  WaitHelper : 157 - Wait for page loading for SECONDS
2018-08-07 18:11:23 INFO  WaitHelper : 159 - Page is loaded
2018-08-07 18:11:24 INFO  AssertionHelper : 19 - make script pass ...
2018-08-07 18:12:28 INFO  TestBase : 126 - Initialize Web Driver : 1236444285
2018-08-07 18:12:28 INFO  WaitHelper : 28 - WaitHelper Object Created...
2018-08-07 18:12:28 INFO  WaitHelper : 39 - Implicit Wait has been set to: 30
2018-08-07 18:12:28 INFO  WaitHelper : 157 - Wait for page loading for SECONDS
2018-08-07 18:12:28 INFO  WaitHelper : 159 - Page is loaded
2018-08-07 18:12:29 INFO  AssertionHelper : 19 - make script pass ...
2018-08-07 18:13:14 INFO  ExtentListener : 64 - first test Class start...
2018-08-07 18:13:18 INFO  TestBase : 126 - Initialize Web Driver : 37981645
2018-08-07 18:13:18 INFO  WaitHelper : 28 - WaitHelper Object Created...
2018-08-07 18:13:18 INFO  WaitHelper : 39 - Implicit Wait has been set to: 30
2018-08-07 18:13:18 INFO  WaitHelper : 157 - Wait for page loading for SECONDS
2018-08-07 18:13:18 INFO  WaitHelper : 159 - Page is loaded
2018-08-07 18:13:19 INFO  ExtentListener : 25 - testLogin test start...
2018-08-07 18:13:19 INFO  ExtentListener : 33 - testLogin test success...
2018-08-07 18:13:21 INFO  ExtentListener : 72 - first test test finished...
2018-08-07 18:13:21 INFO  ExtentListener : 64 - second test Class start...
2018-08-07 18:13:23 INFO  TestBase : 126 - Initialize Web Driver : 1016856028
2018-08-07 18:13:23 INFO  WaitHelper : 28 - WaitHelper Object Created...
2018-08-07 18:13:23 INFO  WaitHelper : 39 - Implicit Wait has been set to: 30
2018-08-07 18:13:23 INFO  WaitHelper : 157 - Wait for page loading for SECONDS
2018-08-07 18:13:23 INFO  WaitHelper : 159 - Page is loaded
2018-08-07 18:13:25 INFO  ExtentListener : 25 - testLogin test start...
2018-08-07 18:13:25 ERROR ExtentListener : 40 - testLogin test failure...java.lang.AssertionError: expected [true] but found [false]
2018-08-07 18:13:26 INFO  ExtentListener : 72 - second test test finished...
2018-08-07 18:13:26 INFO  ExtentListener : 64 - third test Class start...
2018-08-07 18:13:29 INFO  TestBase : 126 - Initialize Web Driver : 2088582214
2018-08-07 18:13:29 INFO  WaitHelper : 28 - WaitHelper Object Created...
2018-08-07 18:13:29 INFO  WaitHelper : 39 - Implicit Wait has been set to: 30
2018-08-07 18:13:29 INFO  WaitHelper : 157 - Wait for page loading for SECONDS
2018-08-07 18:13:29 INFO  WaitHelper : 159 - Page is loaded
2018-08-07 18:13:30 INFO  ExtentListener : 25 - testLogin test start...
2018-08-07 18:13:30 ERROR ExtentListener : 40 - testLogin test failure...java.lang.AssertionError: expected [true] but found [false]
2018-08-07 18:13:32 INFO  ExtentListener : 72 - third test test finished...
2018-08-07 18:13:32 INFO  ExtentListener : 64 - TestScreenShot Class start...
2018-08-07 18:13:35 INFO  TestBase : 126 - Initialize Web Driver : 273777019
2018-08-07 18:13:35 INFO  WaitHelper : 28 - WaitHelper Object Created...
2018-08-07 18:13:35 INFO  WaitHelper : 39 - Implicit Wait has been set to: 30
2018-08-07 18:13:35 INFO  WaitHelper : 157 - Wait for page loading for SECONDS
2018-08-07 18:13:35 INFO  WaitHelper : 159 - Page is loaded
2018-08-07 18:13:36 INFO  ExtentListener : 25 - testScreen test start...
2018-08-07 18:14:17 ERROR ExtentListener : 40 - testScreen test failure...org.openqa.selenium.NoSuchElementException: no such element: Unable to locate element: {"method":"class name","selector":"d"}
  (Session info: chrome=68.0.3440.84)
  (Driver info: chromedriver=2.41.578737 (49da6702b16031c40d63e5618de03a32ff6c197e),platform=Windows NT 6.1.7601 SP1 x86_64) (WARNING: The server did not provide any stacktrace information)
Command duration or timeout: 0 milliseconds
For documentation on this error, please visit: http://seleniumhq.org/exceptions/no_such_element.html
Build info: version: '3.13.0', revision: '2f0d292', time: '2018-06-25T15:24:21.231Z'
System info: host: 'CNCDUW0045', ip: '169.254.193.76', os.name: 'Windows 7', os.arch: 'amd64', os.version: '6.1', java.version: '1.8.0_171'
Driver info: org.openqa.selenium.chrome.ChromeDriver
Capabilities {acceptInsecureCerts: false, acceptSslCerts: false, applicationCacheEnabled: false, browserConnectionEnabled: false, browserName: chrome, chrome: {chromedriverVersion: 2.41.578737 (49da6702b16031..., userDataDir: C:\Users\CHARLE~1\AppData\L...}, cssSelectorsEnabled: true, databaseEnabled: false, goog:chromeOptions: {debuggerAddress: localhost:49326}, handlesAlerts: true, hasTouchScreen: false, javascriptEnabled: true, locationContextEnabled: true, mobileEmulationEnabled: false, nativeEvents: true, networkConnectionEnabled: false, pageLoadStrategy: normal, platform: XP, platformName: XP, rotatable: false, setWindowRect: true, takesHeapSnapshot: true, takesScreenshot: true, unexpectedAlertBehaviour: , unhandledPromptBehavior: , version: 68.0.3440.84, webStorageEnabled: true}
Session ID: f67ba736a06cade6cce4f9842b3bb1ae
*** Element info: {Using=class name, value=d}
2018-08-07 18:14:19 INFO  ExtentListener : 72 - TestScreenShot test finished...
2018-08-07 18:14:19 INFO  ExtentListener : 64 - Login Test Class start...
2018-08-07 18:14:23 INFO  TestBase : 126 - Initialize Web Driver : 1623287112
2018-08-07 18:14:23 INFO  WaitHelper : 28 - WaitHelper Object Created...
2018-08-07 18:14:23 INFO  WaitHelper : 39 - Implicit Wait has been set to: 30
2018-08-07 18:14:23 INFO  WaitHelper : 157 - Wait for page loading for SECONDS
2018-08-07 18:14:23 INFO  WaitHelper : 159 - Page is loaded
2018-08-07 18:14:24 INFO  ExtentListener : 25 - testLogin test start...
2018-08-07 18:14:24 INFO  AssertionHelper : 19 - make script pass ...
2018-08-07 18:14:24 INFO  ExtentListener : 33 - testLogin test success...
2018-08-07 18:14:25 INFO  ExtentListener : 72 - Login Test test finished...
2018-08-08 10:02:41 INFO  TestBase : 126 - Initialize Web Driver : 38544126
2018-08-08 10:02:41 INFO  WaitHelper : 28 - WaitHelper Object Created...
2018-08-08 10:02:42 INFO  WaitHelper : 39 - Implicit Wait has been set to: 30
2018-08-08 10:02:42 INFO  WaitHelper : 157 - Wait for page loading for SECONDS
2018-08-08 10:02:42 INFO  WaitHelper : 159 - Page is loaded
2018-08-08 10:02:53 INFO  WaitHelper : 28 - WaitHelper Object Created...
2018-08-08 10:02:53 INFO  WaitHelper : 169 - waiting for :[[ChromeDriver: chrome on XP (1ae4203898331da3720be451d95c47c8)] -> css selector: #header > div.nav > div > div > nav > div.header_user_info > a] for :30 seconds
2018-08-08 10:02:54 INFO  WaitHelper : 172 - element is visible now...
2018-08-08 10:02:54 INFO  TestBase : 162 - Capturing UI navigation screen
2018-08-08 10:02:55 INFO  LoginPage : 47 - Click login link go to login page ...
2018-08-08 10:02:59 INFO  LoginPage : 53 - Enter username ... 1529686406836@gmail.com
2018-08-08 10:03:00 INFO  LoginPage : 58 - Enter password ... password
2018-08-08 10:03:00 INFO  LoginPage : 63 - Click on submit button ...
2018-08-08 10:03:00 INFO  JavaScriptHelper : 18 - JavaScriptHelper has been initialised
2018-08-08 10:03:00 INFO  JavaScriptHelper : 55 - Scrolling down vertically
2018-08-08 10:03:05 INFO  VerificationHelper : 23 - element is present... Welcome to your account. Here you can manage all of your personal information and orders.
2018-08-08 10:12:24 INFO  TestBase : 126 - Initialize Web Driver : 38544126
2018-08-08 10:12:24 INFO  WaitHelper : 28 - WaitHelper Object Created...
2018-08-08 10:12:24 INFO  WaitHelper : 39 - Implicit Wait has been set to: 30
2018-08-08 10:12:24 INFO  WaitHelper : 157 - Wait for page loading for SECONDS
2018-08-08 10:12:24 INFO  WaitHelper : 159 - Page is loaded
2018-08-08 10:12:34 INFO  WaitHelper : 28 - WaitHelper Object Created...
2018-08-08 10:12:34 INFO  WaitHelper : 169 - waiting for :[[ChromeDriver: chrome on XP (1038eea53b05daae03000aeed34fbbc9)] -> css selector: #header > div.nav > div > div > nav > div.header_user_info > a] for :30 seconds
2018-08-08 10:12:34 INFO  WaitHelper : 172 - element is visible now...
2018-08-08 10:12:34 INFO  TestBase : 162 - Capturing UI navigation screen
2018-08-08 10:12:35 INFO  LoginPage : 47 - Click login link go to login page ...
2018-08-08 10:12:37 INFO  LoginPage : 53 - Enter username ... 1529686406836@gmail.com
2018-08-08 10:12:38 INFO  LoginPage : 58 - Enter password ... password
2018-08-08 10:12:38 INFO  LoginPage : 63 - Click on submit button ...
2018-08-08 10:12:38 INFO  JavaScriptHelper : 18 - JavaScriptHelper has been initialised
2018-08-08 10:12:38 INFO  JavaScriptHelper : 55 - Scrolling down vertically
2018-08-08 10:12:40 INFO  VerificationHelper : 23 - element is present... Welcome to your account. Here you can manage all of your personal information and orders.
2018-08-08 10:15:22 INFO  TestBase : 126 - Initialize Web Driver : 1541525668
2018-08-08 10:15:22 INFO  WaitHelper : 28 - WaitHelper Object Created...
2018-08-08 10:15:22 INFO  WaitHelper : 39 - Implicit Wait has been set to: 30
2018-08-08 10:15:22 INFO  WaitHelper : 157 - Wait for page loading for SECONDS
2018-08-08 10:15:22 INFO  WaitHelper : 159 - Page is loaded
2018-08-08 10:15:31 INFO  WaitHelper : 28 - WaitHelper Object Created...
2018-08-08 10:15:31 INFO  WaitHelper : 169 - waiting for :[[ChromeDriver: chrome on XP (983c96eb46496a8d6cb4538296052f55)] -> css selector: #header > div.nav > div > div > nav > div.header_user_info > a] for :30 seconds
2018-08-08 10:15:31 INFO  WaitHelper : 172 - element is visible now...
2018-08-08 10:15:31 INFO  TestBase : 162 - Capturing UI navigation screen
2018-08-08 10:15:31 INFO  LoginPage : 47 - Click login link go to login page ...
2018-08-08 10:15:34 INFO  LoginPage : 53 - Enter username ... 1529686406836@gmail.com
2018-08-08 10:15:34 INFO  LoginPage : 58 - Enter password ... password
2018-08-08 10:15:34 INFO  LoginPage : 63 - Click on submit button ...
2018-08-08 10:15:34 INFO  JavaScriptHelper : 18 - JavaScriptHelper has been initialised
2018-08-08 10:15:34 INFO  JavaScriptHelper : 55 - Scrolling down vertically
2018-08-08 10:15:37 INFO  VerificationHelper : 23 - element is present... Welcome to your account. Here you can manage all of your personal information and orders.
2018-08-08 10:16:37 INFO  TestBase : 126 - Initialize Web Driver : 1236444285
2018-08-08 10:16:37 INFO  WaitHelper : 28 - WaitHelper Object Created...
2018-08-08 10:16:37 INFO  WaitHelper : 39 - Implicit Wait has been set to: 30
2018-08-08 10:16:37 INFO  WaitHelper : 157 - Wait for page loading for SECONDS
2018-08-08 10:16:37 INFO  WaitHelper : 159 - Page is loaded
2018-08-08 10:16:47 INFO  WaitHelper : 28 - WaitHelper Object Created...
2018-08-08 10:16:47 INFO  WaitHelper : 169 - waiting for :[[ChromeDriver: chrome on XP (b1e07c2250c561afde790eed7bc9a558)] -> css selector: #header > div.nav > div > div > nav > div.header_user_info > a] for :30 seconds
2018-08-08 10:16:47 INFO  WaitHelper : 172 - element is visible now...
2018-08-08 10:16:47 INFO  TestBase : 162 - Capturing UI navigation screen
2018-08-08 10:16:48 INFO  LoginPage : 47 - Click login link go to login page ...
2018-08-08 10:16:50 INFO  LoginPage : 53 - Enter username ... 1529686406836@gmail.com
2018-08-08 10:16:50 INFO  LoginPage : 58 - Enter password ... password
2018-08-08 10:16:51 INFO  LoginPage : 63 - Click on submit button ...
2018-08-08 10:16:51 INFO  JavaScriptHelper : 18 - JavaScriptHelper has been initialised
2018-08-08 10:16:51 INFO  JavaScriptHelper : 55 - Scrolling down vertically
2018-08-08 10:17:23 ERROR VerificationHelper : 28 - element is no present... null
2018-08-08 10:26:51 INFO  TestBase : 126 - Initialize Web Driver : 428245792
2018-08-08 10:26:51 INFO  WaitHelper : 28 - WaitHelper Object Created...
2018-08-08 10:26:51 INFO  WaitHelper : 39 - Implicit Wait has been set to: 30
2018-08-08 10:26:51 INFO  WaitHelper : 157 - Wait for page loading for SECONDS
2018-08-08 10:26:51 INFO  WaitHelper : 159 - Page is loaded
2018-08-08 10:27:01 INFO  WaitHelper : 28 - WaitHelper Object Created...
2018-08-08 10:27:01 INFO  WaitHelper : 169 - waiting for :[[ChromeDriver: chrome on XP (60a0476b12525dbcb8fde3b42e14ca21)] -> css selector: #header > div.nav > div > div > nav > div.header_user_info > a] for :30 seconds
2018-08-08 10:27:01 INFO  WaitHelper : 172 - element is visible now...
2018-08-08 10:27:01 INFO  TestBase : 162 - Capturing UI navigation screen
2018-08-08 10:27:02 INFO  LoginPage : 47 - Click login link go to login page ...
2018-08-08 10:27:05 INFO  LoginPage : 53 - Enter username ... 1529686406836@gmail.com
2018-08-08 10:27:05 INFO  LoginPage : 58 - Enter password ... password
2018-08-08 10:27:06 INFO  LoginPage : 63 - Click on submit button ...
2018-08-08 10:27:06 INFO  JavaScriptHelper : 18 - JavaScriptHelper has been initialised
2018-08-08 10:27:06 INFO  JavaScriptHelper : 55 - Scrolling down vertically
2018-08-08 10:30:13 INFO  TestBase : 126 - Initialize Web Driver : 1236444285
2018-08-08 10:30:13 INFO  WaitHelper : 28 - WaitHelper Object Created...
2018-08-08 10:30:13 INFO  WaitHelper : 39 - Implicit Wait has been set to: 30
2018-08-08 10:30:13 INFO  WaitHelper : 157 - Wait for page loading for SECONDS
2018-08-08 10:30:13 INFO  WaitHelper : 159 - Page is loaded
2018-08-08 10:30:24 INFO  WaitHelper : 28 - WaitHelper Object Created...
2018-08-08 10:30:24 INFO  WaitHelper : 169 - waiting for :[[ChromeDriver: chrome on XP (8550c7c248d21c4e70c2ef77bd80cba3)] -> css selector: #header > div.nav > div > div > nav > div.header_user_info > a] for :30 seconds
2018-08-08 10:30:24 INFO  WaitHelper : 172 - element is visible now...
2018-08-08 10:30:24 INFO  TestBase : 162 - Capturing UI navigation screen
2018-08-08 10:30:25 INFO  LoginPage : 47 - Click login link go to login page ...
2018-08-08 10:30:27 INFO  LoginPage : 53 - Enter username ... 1529686406836@gmail.com
2018-08-08 10:30:28 INFO  LoginPage : 58 - Enter password ... password
2018-08-08 10:30:28 INFO  LoginPage : 63 - Click on submit button ...
2018-08-08 10:30:28 INFO  JavaScriptHelper : 18 - JavaScriptHelper has been initialised
2018-08-08 10:30:28 INFO  JavaScriptHelper : 55 - Scrolling down vertically
2018-08-08 10:35:58 INFO  TestBase : 126 - Initialize Web Driver : 1236444285
2018-08-08 10:35:58 INFO  WaitHelper : 28 - WaitHelper Object Created...
2018-08-08 10:35:58 INFO  WaitHelper : 39 - Implicit Wait has been set to: 30
2018-08-08 10:35:58 INFO  WaitHelper : 157 - Wait for page loading for SECONDS
2018-08-08 10:35:58 INFO  WaitHelper : 159 - Page is loaded
2018-08-08 10:36:07 INFO  WaitHelper : 28 - WaitHelper Object Created...
2018-08-08 10:36:07 INFO  WaitHelper : 169 - waiting for :[[ChromeDriver: chrome on XP (53c7bc8d8fc1e948da7009544b42b34c)] -> css selector: #header > div.nav > div > div > nav > div.header_user_info > a] for :30 seconds
2018-08-08 10:36:08 INFO  WaitHelper : 172 - element is visible now...
2018-08-08 10:36:08 INFO  TestBase : 162 - Capturing UI navigation screen
2018-08-08 10:36:08 INFO  LoginPage : 47 - Click login link go to login page ...
2018-08-08 10:36:11 INFO  LoginPage : 53 - Enter username ... 1529686406836@gmail.com
2018-08-08 10:36:11 INFO  LoginPage : 58 - Enter password ... password
2018-08-08 10:36:11 INFO  LoginPage : 63 - Click on submit button ...
2018-08-08 10:36:11 INFO  JavaScriptHelper : 18 - JavaScriptHelper has been initialised
2018-08-08 10:36:11 INFO  JavaScriptHelper : 55 - Scrolling down vertically
2018-08-08 10:36:14 INFO  VerificationHelper : 23 - element is present... Welcome to your account. Here you can manage all of your personal information and orders.
2018-08-08 10:45:18 INFO  TestBase : 126 - Initialize Web Driver : 1680503330
2018-08-08 10:45:18 INFO  WaitHelper : 28 - WaitHelper Object Created...
2018-08-08 10:45:18 INFO  WaitHelper : 39 - Implicit Wait has been set to: 30
2018-08-08 10:45:18 INFO  WaitHelper : 157 - Wait for page loading for SECONDS
2018-08-08 10:45:18 INFO  WaitHelper : 159 - Page is loaded
2018-08-08 10:45:31 INFO  WaitHelper : 28 - WaitHelper Object Created...
2018-08-08 10:45:32 INFO  WaitHelper : 169 - waiting for :[[ChromeDriver: chrome on XP (bd07880b0ea218e879826ac19bb384b2)] -> css selector: #header > div.nav > div > div > nav > div.header_user_info > a] for :30 seconds
2018-08-08 10:45:32 INFO  WaitHelper : 172 - element is visible now...
2018-08-08 10:45:32 INFO  TestBase : 162 - Capturing UI navigation screen
2018-08-08 10:45:32 INFO  LoginPage : 47 - Click login link go to login page ...
2018-08-08 10:45:35 INFO  LoginPage : 53 - Enter username ... 1529686406836@gmail.com
2018-08-08 10:45:35 INFO  LoginPage : 58 - Enter password ... password
2018-08-08 10:45:35 INFO  LoginPage : 63 - Click on submit button ...
2018-08-08 10:45:35 INFO  JavaScriptHelper : 18 - JavaScriptHelper has been initialised
2018-08-08 10:45:35 INFO  JavaScriptHelper : 55 - Scrolling down vertically
2018-08-08 10:45:38 INFO  VerificationHelper : 23 - element is present... Welcome to your account. Here you can manage all of your personal information and orders.
2018-08-08 10:47:54 INFO  TestBase : 126 - Initialize Web Driver : 1541525668
2018-08-08 10:47:54 INFO  WaitHelper : 28 - WaitHelper Object Created...
2018-08-08 10:47:54 INFO  WaitHelper : 39 - Implicit Wait has been set to: 30
2018-08-08 10:47:54 INFO  WaitHelper : 157 - Wait for page loading for SECONDS
2018-08-08 10:47:54 INFO  WaitHelper : 159 - Page is loaded
2018-08-08 10:48:03 INFO  WaitHelper : 28 - WaitHelper Object Created...
2018-08-08 10:48:03 INFO  WaitHelper : 169 - waiting for :[[ChromeDriver: chrome on XP (c99e1560bb1ae327dcb1b439c30ce051)] -> css selector: #header > div.nav > div > div > nav > div.header_user_info > a] for :30 seconds
2018-08-08 10:48:03 INFO  WaitHelper : 172 - element is visible now...
2018-08-08 10:48:03 INFO  TestBase : 162 - Capturing UI navigation screen
2018-08-08 10:48:04 INFO  LoginPage : 47 - Click login link go to login page ...
2018-08-08 10:48:06 INFO  LoginPage : 53 - Enter username ... 1529686406836@gmail.com
2018-08-08 10:48:07 INFO  LoginPage : 58 - Enter password ... password
2018-08-08 10:48:07 INFO  LoginPage : 63 - Click on submit button ...
2018-08-08 10:48:07 INFO  JavaScriptHelper : 18 - JavaScriptHelper has been initialised
2018-08-08 10:48:07 INFO  JavaScriptHelper : 55 - Scrolling down vertically
2018-08-08 10:48:10 INFO  VerificationHelper : 23 - element is present... Welcome to your account. Here you can manage all of your personal information and orders.
2018-09-05 15:42:26 INFO  TestBase : 126 - Initialize Web Driver : 2074658615
2018-09-05 15:42:26 INFO  WaitHelper : 28 - WaitHelper Object Created...
2018-09-05 15:42:26 INFO  WaitHelper : 39 - Implicit Wait has been set to: 30
2018-09-05 15:42:26 INFO  WaitHelper : 157 - Wait for page loading for SECONDS
2018-09-05 15:42:26 INFO  WaitHelper : 159 - Page is loaded
2018-09-05 15:42:27 INFO  AssertionHelper : 19 - make script pass ...
2018-09-05 15:42:28 INFO  AssertionHelper : 29 - make script false ...
2018-09-05 15:42:29 INFO  AssertionHelper : 19 - make script pass ...
2018-09-05 15:42:29 INFO  AssertionHelper : 29 - make script false ...
2018-09-05 15:42:29 INFO  AssertionHelper : 19 - make script pass ...
2018-09-05 15:42:30 INFO  AssertionHelper : 29 - make script false ...
2018-09-05 15:42:30 INFO  AssertionHelper : 19 - make script pass ...
2018-09-05 15:42:30 INFO  AssertionHelper : 29 - make script false ...
