<?xml version="1.0" encoding="UTF-8"?>
<testng-results skipped="0" failed="4" ignored="3" total="11" passed="4">
  <reporter-output>
    <line>
      <![CDATA[<a href='D:\eclipse-workspace\uiFramework\src\main\resources\screenShots\testLogin2_2018-09-05-03-42-28.png'><img src='D:\eclipse-workspace\uiFramework\src\main\resources\screenShots\testLogin2_2018-09-05-03-42-28.png'height='100' width='100'/></a>]]>
    </line>
    <line>
      <![CDATA[<a href='D:\eclipse-workspace\uiFramework\src\main\resources\screenShots\testLogin4_2018-09-05-03-42-29.png'><img src='D:\eclipse-workspace\uiFramework\src\main\resources\screenShots\testLogin4_2018-09-05-03-42-29.png'height='100' width='100'/></a>]]>
    </line>
    <line>
      <![CDATA[<a href='D:\eclipse-workspace\uiFramework\src\main\resources\screenShots\testLogin2_2018-09-05-03-42-30.png'><img src='D:\eclipse-workspace\uiFramework\src\main\resources\screenShots\testLogin2_2018-09-05-03-42-30.png'height='100' width='100'/></a>]]>
    </line>
    <line>
      <![CDATA[<a href='D:\eclipse-workspace\uiFramework\src\main\resources\screenShots\testLogin4_2018-09-05-03-42-30.png'><img src='D:\eclipse-workspace\uiFramework\src\main\resources\screenShots\testLogin4_2018-09-05-03-42-30.png'height='100' width='100'/></a>]]>
    </line>
  </reporter-output>
  <suite name="Suite" duration-ms="11282" started-at="2018-09-05T07:42:20Z" finished-at="2018-09-05T07:42:31Z">
    <groups>
    </groups>
    <test name="Test" duration-ms="11282" started-at="2018-09-05T07:42:20Z" finished-at="2018-09-05T07:42:31Z">
      <class name="com.uiFramework.companyName.projectName.testScripts.Test2">
        <test-method status="PASS" signature="beforeMethod(java.lang.reflect.Method)[pri:0, instance:com.uiFramework.companyName.projectName.testScripts.Test2@887af79]" name="beforeMethod" is-config="true" duration-ms="1" started-at="2018-09-05T07:42:29Z" finished-at="2018-09-05T07:42:29Z">
          <params>
            <param index="0">
              <value>
                <![CDATA[public void com.uiFramework.companyName.projectName.testScripts.Test2.testLogin1()]]>
              </value>
            </param>
          </params>
          <reporter-output>
          </reporter-output>
        </test-method> <!-- beforeMethod -->
        <test-method status="PASS" signature="testLogin1()[pri:0, instance:com.uiFramework.companyName.projectName.testScripts.Test2@887af79]" name="testLogin1" duration-ms="4" started-at="2018-09-05T07:42:29Z" finished-at="2018-09-05T07:42:29Z">
          <reporter-output>
          </reporter-output>
        </test-method> <!-- testLogin1 -->
        <test-method status="PASS" signature="afterMethod(org.testng.ITestResult)[pri:0, instance:com.uiFramework.companyName.projectName.testScripts.Test2@887af79]" name="afterMethod" is-config="true" duration-ms="101" started-at="2018-09-05T07:42:29Z" finished-at="2018-09-05T07:42:30Z">
          <params>
            <param index="0">
              <value>
                <![CDATA[[TestResult name=testLogin1 status=SUCCESS method=Test2.testLogin1()[pri:0, instance:com.uiFramework.companyName.projectName.testScripts.Test2@887af79] output={null}]]]>
              </value>
            </param>
          </params>
          <reporter-output>
          </reporter-output>
        </test-method> <!-- afterMethod -->
        <test-method status="PASS" signature="beforeMethod(java.lang.reflect.Method)[pri:0, instance:com.uiFramework.companyName.projectName.testScripts.Test2@887af79]" name="beforeMethod" is-config="true" duration-ms="1" started-at="2018-09-05T07:42:30Z" finished-at="2018-09-05T07:42:30Z">
          <params>
            <param index="0">
              <value>
                <![CDATA[public void com.uiFramework.companyName.projectName.testScripts.Test2.testLogin2()]]>
              </value>
            </param>
          </params>
          <reporter-output>
          </reporter-output>
        </test-method> <!-- beforeMethod -->
        <test-method status="FAIL" signature="testLogin2()[pri:0, instance:com.uiFramework.companyName.projectName.testScripts.Test2@887af79]" name="testLogin2" duration-ms="7" started-at="2018-09-05T07:42:30Z" finished-at="2018-09-05T07:42:30Z">
          <exception class="java.lang.AssertionError">
            <message>
              <![CDATA[expected [true] but found [false]]]>
            </message>
            <full-stacktrace>
              <![CDATA[java.lang.AssertionError: expected [true] but found [false]
at org.testng.Assert.fail(Assert.java:96)
at org.testng.Assert.failNotEquals(Assert.java:776)
at org.testng.Assert.assertTrue(Assert.java:44)
at org.testng.Assert.assertTrue(Assert.java:54)
at com.uiFramework.companyName.projectName.helper.assertion.AssertionHelper.makeFalse(AssertionHelper.java:30)
at com.uiFramework.companyName.projectName.testScripts.Test2.testLogin2(Test2.java:17)
at sun.reflect.NativeMethodAccessorImpl.invoke0(Native Method)
at sun.reflect.NativeMethodAccessorImpl.invoke(NativeMethodAccessorImpl.java:62)
at sun.reflect.DelegatingMethodAccessorImpl.invoke(DelegatingMethodAccessorImpl.java:43)
at java.lang.reflect.Method.invoke(Method.java:498)
at org.testng.internal.MethodInvocationHelper.invokeMethod(MethodInvocationHelper.java:124)
at org.testng.internal.Invoker.invokeMethod(Invoker.java:583)
at org.testng.internal.Invoker.invokeTestMethod(Invoker.java:719)
at org.testng.internal.Invoker.invokeTestMethods(Invoker.java:989)
at org.testng.internal.TestMethodWorker.invokeTestMethods(TestMethodWorker.java:125)
at org.testng.internal.TestMethodWorker.run(TestMethodWorker.java:109)
at org.testng.TestRunner.privateRun(TestRunner.java:648)
at org.testng.TestRunner.run(TestRunner.java:505)
at org.testng.SuiteRunner.runTest(SuiteRunner.java:455)
at org.testng.SuiteRunner.runSequentially(SuiteRunner.java:450)
at org.testng.SuiteRunner.privateRun(SuiteRunner.java:415)
at org.testng.SuiteRunner.run(SuiteRunner.java:364)
at org.testng.SuiteRunnerWorker.runSuite(SuiteRunnerWorker.java:52)
at org.testng.SuiteRunnerWorker.run(SuiteRunnerWorker.java:84)
at org.testng.TestNG.runSuitesSequentially(TestNG.java:1208)
at org.testng.TestNG.runSuitesLocally(TestNG.java:1137)
at org.testng.TestNG.runSuites(TestNG.java:1049)
at org.testng.TestNG.run(TestNG.java:1017)
at org.testng.remote.AbstractRemoteTestNG.run(AbstractRemoteTestNG.java:114)
at org.testng.remote.RemoteTestNG.initAndRun(RemoteTestNG.java:251)
at org.testng.remote.RemoteTestNG.main(RemoteTestNG.java:77)
]]>
            </full-stacktrace>
          </exception> <!-- java.lang.AssertionError -->
          <reporter-output>
          </reporter-output>
        </test-method> <!-- testLogin2 -->
        <test-method status="PASS" signature="afterMethod(org.testng.ITestResult)[pri:0, instance:com.uiFramework.companyName.projectName.testScripts.Test2@887af79]" name="afterMethod" is-config="true" duration-ms="433" started-at="2018-09-05T07:42:30Z" finished-at="2018-09-05T07:42:30Z">
          <params>
            <param index="0">
              <value>
                <![CDATA[[TestResult name=testLogin2 status=FAILURE method=Test2.testLogin2()[pri:0, instance:com.uiFramework.companyName.projectName.testScripts.Test2@887af79] output={null}]]]>
              </value>
            </param>
          </params>
          <reporter-output>
            <line>
              <![CDATA[<a href='D:\eclipse-workspace\uiFramework\src\main\resources\screenShots\testLogin2_2018-09-05-03-42-30.png'><img src='D:\eclipse-workspace\uiFramework\src\main\resources\screenShots\testLogin2_2018-09-05-03-42-30.png'height='100' width='100'/></a>]]>
            </line>
          </reporter-output>
        </test-method> <!-- afterMethod -->
        <test-method status="PASS" signature="beforeMethod(java.lang.reflect.Method)[pri:0, instance:com.uiFramework.companyName.projectName.testScripts.Test2@887af79]" name="beforeMethod" is-config="true" duration-ms="1" started-at="2018-09-05T07:42:30Z" finished-at="2018-09-05T07:42:30Z">
          <params>
            <param index="0">
              <value>
                <![CDATA[public void com.uiFramework.companyName.projectName.testScripts.Test2.testLogin3()]]>
              </value>
            </param>
          </params>
          <reporter-output>
          </reporter-output>
        </test-method> <!-- beforeMethod -->
        <test-method status="PASS" signature="testLogin3()[pri:0, instance:com.uiFramework.companyName.projectName.testScripts.Test2@887af79]" name="testLogin3" duration-ms="3" started-at="2018-09-05T07:42:30Z" finished-at="2018-09-05T07:42:30Z">
          <reporter-output>
          </reporter-output>
        </test-method> <!-- testLogin3 -->
        <test-method status="PASS" signature="afterMethod(org.testng.ITestResult)[pri:0, instance:com.uiFramework.companyName.projectName.testScripts.Test2@887af79]" name="afterMethod" is-config="true" duration-ms="83" started-at="2018-09-05T07:42:30Z" finished-at="2018-09-05T07:42:30Z">
          <params>
            <param index="0">
              <value>
                <![CDATA[[TestResult name=testLogin3 status=SUCCESS method=Test2.testLogin3()[pri:0, instance:com.uiFramework.companyName.projectName.testScripts.Test2@887af79] output={null}]]]>
              </value>
            </param>
          </params>
          <reporter-output>
          </reporter-output>
        </test-method> <!-- afterMethod -->
        <test-method status="PASS" signature="beforeMethod(java.lang.reflect.Method)[pri:0, instance:com.uiFramework.companyName.projectName.testScripts.Test2@887af79]" name="beforeMethod" is-config="true" duration-ms="1" started-at="2018-09-05T07:42:30Z" finished-at="2018-09-05T07:42:30Z">
          <params>
            <param index="0">
              <value>
                <![CDATA[public void com.uiFramework.companyName.projectName.testScripts.Test2.testLogin4()]]>
              </value>
            </param>
          </params>
          <reporter-output>
          </reporter-output>
        </test-method> <!-- beforeMethod -->
        <test-method status="FAIL" signature="testLogin4()[pri:0, instance:com.uiFramework.companyName.projectName.testScripts.Test2@887af79]" name="testLogin4" duration-ms="2" started-at="2018-09-05T07:42:30Z" finished-at="2018-09-05T07:42:30Z">
          <exception class="java.lang.AssertionError">
            <message>
              <![CDATA[expected [true] but found [false]]]>
            </message>
            <full-stacktrace>
              <![CDATA[java.lang.AssertionError: expected [true] but found [false]
at org.testng.Assert.fail(Assert.java:96)
at org.testng.Assert.failNotEquals(Assert.java:776)
at org.testng.Assert.assertTrue(Assert.java:44)
at org.testng.Assert.assertTrue(Assert.java:54)
at com.uiFramework.companyName.projectName.helper.assertion.AssertionHelper.makeFalse(AssertionHelper.java:30)
at com.uiFramework.companyName.projectName.testScripts.Test2.testLogin4(Test2.java:27)
at sun.reflect.NativeMethodAccessorImpl.invoke0(Native Method)
at sun.reflect.NativeMethodAccessorImpl.invoke(NativeMethodAccessorImpl.java:62)
at sun.reflect.DelegatingMethodAccessorImpl.invoke(DelegatingMethodAccessorImpl.java:43)
at java.lang.reflect.Method.invoke(Method.java:498)
at org.testng.internal.MethodInvocationHelper.invokeMethod(MethodInvocationHelper.java:124)
at org.testng.internal.Invoker.invokeMethod(Invoker.java:583)
at org.testng.internal.Invoker.invokeTestMethod(Invoker.java:719)
at org.testng.internal.Invoker.invokeTestMethods(Invoker.java:989)
at org.testng.internal.TestMethodWorker.invokeTestMethods(TestMethodWorker.java:125)
at org.testng.internal.TestMethodWorker.run(TestMethodWorker.java:109)
at org.testng.TestRunner.privateRun(TestRunner.java:648)
at org.testng.TestRunner.run(TestRunner.java:505)
at org.testng.SuiteRunner.runTest(SuiteRunner.java:455)
at org.testng.SuiteRunner.runSequentially(SuiteRunner.java:450)
at org.testng.SuiteRunner.privateRun(SuiteRunner.java:415)
at org.testng.SuiteRunner.run(SuiteRunner.java:364)
at org.testng.SuiteRunnerWorker.runSuite(SuiteRunnerWorker.java:52)
at org.testng.SuiteRunnerWorker.run(SuiteRunnerWorker.java:84)
at org.testng.TestNG.runSuitesSequentially(TestNG.java:1208)
at org.testng.TestNG.runSuitesLocally(TestNG.java:1137)
at org.testng.TestNG.runSuites(TestNG.java:1049)
at org.testng.TestNG.run(TestNG.java:1017)
at org.testng.remote.AbstractRemoteTestNG.run(AbstractRemoteTestNG.java:114)
at org.testng.remote.RemoteTestNG.initAndRun(RemoteTestNG.java:251)
at org.testng.remote.RemoteTestNG.main(RemoteTestNG.java:77)
]]>
            </full-stacktrace>
          </exception> <!-- java.lang.AssertionError -->
          <reporter-output>
          </reporter-output>
        </test-method> <!-- testLogin4 -->
        <test-method status="PASS" signature="afterMethod(org.testng.ITestResult)[pri:0, instance:com.uiFramework.companyName.projectName.testScripts.Test2@887af79]" name="afterMethod" is-config="true" duration-ms="469" started-at="2018-09-05T07:42:30Z" finished-at="2018-09-05T07:42:31Z">
          <params>
            <param index="0">
              <value>
                <![CDATA[[TestResult name=testLogin4 status=FAILURE method=Test2.testLogin4()[pri:0, instance:com.uiFramework.companyName.projectName.testScripts.Test2@887af79] output={null}]]]>
              </value>
            </param>
          </params>
          <reporter-output>
            <line>
              <![CDATA[<a href='D:\eclipse-workspace\uiFramework\src\main\resources\screenShots\testLogin4_2018-09-05-03-42-30.png'><img src='D:\eclipse-workspace\uiFramework\src\main\resources\screenShots\testLogin4_2018-09-05-03-42-30.png'height='100' width='100'/></a>]]>
            </line>
          </reporter-output>
        </test-method> <!-- afterMethod -->
      </class> <!-- com.uiFramework.companyName.projectName.testScripts.Test2 -->
      <class name="com.uiFramework.companyName.projectName.testScripts.Test1">
        <test-method status="PASS" signature="beforeSuite()[pri:0, instance:com.uiFramework.companyName.projectName.testScripts.Test1@7b49cea0]" name="beforeSuite" is-config="true" duration-ms="294" started-at="2018-09-05T07:42:20Z" finished-at="2018-09-05T07:42:20Z">
          <reporter-output>
          </reporter-output>
        </test-method> <!-- beforeSuite -->
        <test-method status="PASS" signature="beforeTest()[pri:0, instance:com.uiFramework.companyName.projectName.testScripts.Test1@7b49cea0]" name="beforeTest" is-config="true" duration-ms="7001" started-at="2018-09-05T07:42:20Z" finished-at="2018-09-05T07:42:27Z">
          <reporter-output>
          </reporter-output>
        </test-method> <!-- beforeTest -->
        <test-method status="PASS" signature="beforeMethod(java.lang.reflect.Method)[pri:0, instance:com.uiFramework.companyName.projectName.testScripts.Test1@7b49cea0]" name="beforeMethod" is-config="true" duration-ms="8" started-at="2018-09-05T07:42:27Z" finished-at="2018-09-05T07:42:27Z">
          <params>
            <param index="0">
              <value>
                <![CDATA[public void com.uiFramework.companyName.projectName.testScripts.Test1.testLogin1()]]>
              </value>
            </param>
          </params>
          <reporter-output>
          </reporter-output>
        </test-method> <!-- beforeMethod -->
        <test-method status="PASS" signature="testLogin1()[pri:0, instance:com.uiFramework.companyName.projectName.testScripts.Test1@7b49cea0]" name="testLogin1" duration-ms="33" started-at="2018-09-05T07:42:27Z" finished-at="2018-09-05T07:42:27Z">
          <reporter-output>
          </reporter-output>
        </test-method> <!-- testLogin1 -->
        <test-method status="PASS" signature="afterMethod(org.testng.ITestResult)[pri:0, instance:com.uiFramework.companyName.projectName.testScripts.Test1@7b49cea0]" name="afterMethod" is-config="true" duration-ms="1080" started-at="2018-09-05T07:42:27Z" finished-at="2018-09-05T07:42:28Z">
          <params>
            <param index="0">
              <value>
                <![CDATA[[TestResult name=testLogin1 status=SUCCESS method=Test1.testLogin1()[pri:0, instance:com.uiFramework.companyName.projectName.testScripts.Test1@7b49cea0] output={null}]]]>
              </value>
            </param>
          </params>
          <reporter-output>
          </reporter-output>
        </test-method> <!-- afterMethod -->
        <test-method status="FAIL" signature="testLogin2()[pri:0, instance:com.uiFramework.companyName.projectName.testScripts.Test1@7b49cea0]" name="testLogin2" duration-ms="11" started-at="2018-09-05T07:42:28Z" finished-at="2018-09-05T07:42:28Z">
          <exception class="java.lang.AssertionError">
            <message>
              <![CDATA[expected [true] but found [false]]]>
            </message>
            <full-stacktrace>
              <![CDATA[java.lang.AssertionError: expected [true] but found [false]
at org.testng.Assert.fail(Assert.java:96)
at org.testng.Assert.failNotEquals(Assert.java:776)
at org.testng.Assert.assertTrue(Assert.java:44)
at org.testng.Assert.assertTrue(Assert.java:54)
at com.uiFramework.companyName.projectName.helper.assertion.AssertionHelper.makeFalse(AssertionHelper.java:30)
at com.uiFramework.companyName.projectName.testScripts.Test1.testLogin2(Test1.java:17)
at sun.reflect.NativeMethodAccessorImpl.invoke0(Native Method)
at sun.reflect.NativeMethodAccessorImpl.invoke(NativeMethodAccessorImpl.java:62)
at sun.reflect.DelegatingMethodAccessorImpl.invoke(DelegatingMethodAccessorImpl.java:43)
at java.lang.reflect.Method.invoke(Method.java:498)
at org.testng.internal.MethodInvocationHelper.invokeMethod(MethodInvocationHelper.java:124)
at org.testng.internal.Invoker.invokeMethod(Invoker.java:583)
at org.testng.internal.Invoker.invokeTestMethod(Invoker.java:719)
at org.testng.internal.Invoker.invokeTestMethods(Invoker.java:989)
at org.testng.internal.TestMethodWorker.invokeTestMethods(TestMethodWorker.java:125)
at org.testng.internal.TestMethodWorker.run(TestMethodWorker.java:109)
at org.testng.TestRunner.privateRun(TestRunner.java:648)
at org.testng.TestRunner.run(TestRunner.java:505)
at org.testng.SuiteRunner.runTest(SuiteRunner.java:455)
at org.testng.SuiteRunner.runSequentially(SuiteRunner.java:450)
at org.testng.SuiteRunner.privateRun(SuiteRunner.java:415)
at org.testng.SuiteRunner.run(SuiteRunner.java:364)
at org.testng.SuiteRunnerWorker.runSuite(SuiteRunnerWorker.java:52)
at org.testng.SuiteRunnerWorker.run(SuiteRunnerWorker.java:84)
at org.testng.TestNG.runSuitesSequentially(TestNG.java:1208)
at org.testng.TestNG.runSuitesLocally(TestNG.java:1137)
at org.testng.TestNG.runSuites(TestNG.java:1049)
at org.testng.TestNG.run(TestNG.java:1017)
at org.testng.remote.AbstractRemoteTestNG.run(AbstractRemoteTestNG.java:114)
at org.testng.remote.RemoteTestNG.initAndRun(RemoteTestNG.java:251)
at org.testng.remote.RemoteTestNG.main(RemoteTestNG.java:77)
]]>
            </full-stacktrace>
          </exception> <!-- java.lang.AssertionError -->
          <reporter-output>
          </reporter-output>
        </test-method> <!-- testLogin2 -->
        <test-method status="PASS" signature="beforeMethod(java.lang.reflect.Method)[pri:0, instance:com.uiFramework.companyName.projectName.testScripts.Test1@7b49cea0]" name="beforeMethod" is-config="true" duration-ms="0" started-at="2018-09-05T07:42:28Z" finished-at="2018-09-05T07:42:28Z">
          <params>
            <param index="0">
              <value>
                <![CDATA[public void com.uiFramework.companyName.projectName.testScripts.Test1.testLogin2()]]>
              </value>
            </param>
          </params>
          <reporter-output>
          </reporter-output>
        </test-method> <!-- beforeMethod -->
        <test-method status="PASS" signature="afterMethod(org.testng.ITestResult)[pri:0, instance:com.uiFramework.companyName.projectName.testScripts.Test1@7b49cea0]" name="afterMethod" is-config="true" duration-ms="569" started-at="2018-09-05T07:42:28Z" finished-at="2018-09-05T07:42:29Z">
          <params>
            <param index="0">
              <value>
                <![CDATA[[TestResult name=testLogin2 status=FAILURE method=Test1.testLogin2()[pri:0, instance:com.uiFramework.companyName.projectName.testScripts.Test1@7b49cea0] output={null}]]]>
              </value>
            </param>
          </params>
          <reporter-output>
            <line>
              <![CDATA[<a href='D:\eclipse-workspace\uiFramework\src\main\resources\screenShots\testLogin2_2018-09-05-03-42-28.png'><img src='D:\eclipse-workspace\uiFramework\src\main\resources\screenShots\testLogin2_2018-09-05-03-42-28.png'height='100' width='100'/></a>]]>
            </line>
          </reporter-output>
        </test-method> <!-- afterMethod -->
        <test-method status="PASS" signature="beforeMethod(java.lang.reflect.Method)[pri:0, instance:com.uiFramework.companyName.projectName.testScripts.Test1@7b49cea0]" name="beforeMethod" is-config="true" duration-ms="1" started-at="2018-09-05T07:42:29Z" finished-at="2018-09-05T07:42:29Z">
          <params>
            <param index="0">
              <value>
                <![CDATA[public void com.uiFramework.companyName.projectName.testScripts.Test1.testLogin3()]]>
              </value>
            </param>
          </params>
          <reporter-output>
          </reporter-output>
        </test-method> <!-- beforeMethod -->
        <test-method status="PASS" signature="testLogin3()[pri:0, instance:com.uiFramework.companyName.projectName.testScripts.Test1@7b49cea0]" name="testLogin3" duration-ms="8" started-at="2018-09-05T07:42:29Z" finished-at="2018-09-05T07:42:29Z">
          <reporter-output>
          </reporter-output>
        </test-method> <!-- testLogin3 -->
        <test-method status="PASS" signature="afterMethod(org.testng.ITestResult)[pri:0, instance:com.uiFramework.companyName.projectName.testScripts.Test1@7b49cea0]" name="afterMethod" is-config="true" duration-ms="84" started-at="2018-09-05T07:42:29Z" finished-at="2018-09-05T07:42:29Z">
          <params>
            <param index="0">
              <value>
                <![CDATA[[TestResult name=testLogin3 status=SUCCESS method=Test1.testLogin3()[pri:0, instance:com.uiFramework.companyName.projectName.testScripts.Test1@7b49cea0] output={null}]]]>
              </value>
            </param>
          </params>
          <reporter-output>
          </reporter-output>
        </test-method> <!-- afterMethod -->
        <test-method status="PASS" signature="beforeMethod(java.lang.reflect.Method)[pri:0, instance:com.uiFramework.companyName.projectName.testScripts.Test1@7b49cea0]" name="beforeMethod" is-config="true" duration-ms="1" started-at="2018-09-05T07:42:29Z" finished-at="2018-09-05T07:42:29Z">
          <params>
            <param index="0">
              <value>
                <![CDATA[public void com.uiFramework.companyName.projectName.testScripts.Test1.testLogin4()]]>
              </value>
            </param>
          </params>
          <reporter-output>
          </reporter-output>
        </test-method> <!-- beforeMethod -->
        <test-method status="FAIL" signature="testLogin4()[pri:0, instance:com.uiFramework.companyName.projectName.testScripts.Test1@7b49cea0]" name="testLogin4" duration-ms="3" started-at="2018-09-05T07:42:29Z" finished-at="2018-09-05T07:42:29Z">
          <exception class="java.lang.AssertionError">
            <message>
              <![CDATA[expected [true] but found [false]]]>
            </message>
            <full-stacktrace>
              <![CDATA[java.lang.AssertionError: expected [true] but found [false]
at org.testng.Assert.fail(Assert.java:96)
at org.testng.Assert.failNotEquals(Assert.java:776)
at org.testng.Assert.assertTrue(Assert.java:44)
at org.testng.Assert.assertTrue(Assert.java:54)
at com.uiFramework.companyName.projectName.helper.assertion.AssertionHelper.makeFalse(AssertionHelper.java:30)
at com.uiFramework.companyName.projectName.testScripts.Test1.testLogin4(Test1.java:27)
at sun.reflect.NativeMethodAccessorImpl.invoke0(Native Method)
at sun.reflect.NativeMethodAccessorImpl.invoke(NativeMethodAccessorImpl.java:62)
at sun.reflect.DelegatingMethodAccessorImpl.invoke(DelegatingMethodAccessorImpl.java:43)
at java.lang.reflect.Method.invoke(Method.java:498)
at org.testng.internal.MethodInvocationHelper.invokeMethod(MethodInvocationHelper.java:124)
at org.testng.internal.Invoker.invokeMethod(Invoker.java:583)
at org.testng.internal.Invoker.invokeTestMethod(Invoker.java:719)
at org.testng.internal.Invoker.invokeTestMethods(Invoker.java:989)
at org.testng.internal.TestMethodWorker.invokeTestMethods(TestMethodWorker.java:125)
at org.testng.internal.TestMethodWorker.run(TestMethodWorker.java:109)
at org.testng.TestRunner.privateRun(TestRunner.java:648)
at org.testng.TestRunner.run(TestRunner.java:505)
at org.testng.SuiteRunner.runTest(SuiteRunner.java:455)
at org.testng.SuiteRunner.runSequentially(SuiteRunner.java:450)
at org.testng.SuiteRunner.privateRun(SuiteRunner.java:415)
at org.testng.SuiteRunner.run(SuiteRunner.java:364)
at org.testng.SuiteRunnerWorker.runSuite(SuiteRunnerWorker.java:52)
at org.testng.SuiteRunnerWorker.run(SuiteRunnerWorker.java:84)
at org.testng.TestNG.runSuitesSequentially(TestNG.java:1208)
at org.testng.TestNG.runSuitesLocally(TestNG.java:1137)
at org.testng.TestNG.runSuites(TestNG.java:1049)
at org.testng.TestNG.run(TestNG.java:1017)
at org.testng.remote.AbstractRemoteTestNG.run(AbstractRemoteTestNG.java:114)
at org.testng.remote.RemoteTestNG.initAndRun(RemoteTestNG.java:251)
at org.testng.remote.RemoteTestNG.main(RemoteTestNG.java:77)
]]>
            </full-stacktrace>
          </exception> <!-- java.lang.AssertionError -->
          <reporter-output>
          </reporter-output>
        </test-method> <!-- testLogin4 -->
        <test-method status="PASS" signature="afterMethod(org.testng.ITestResult)[pri:0, instance:com.uiFramework.companyName.projectName.testScripts.Test1@7b49cea0]" name="afterMethod" is-config="true" duration-ms="433" started-at="2018-09-05T07:42:29Z" finished-at="2018-09-05T07:42:29Z">
          <params>
            <param index="0">
              <value>
                <![CDATA[[TestResult name=testLogin4 status=FAILURE method=Test1.testLogin4()[pri:0, instance:com.uiFramework.companyName.projectName.testScripts.Test1@7b49cea0] output={null}]]]>
              </value>
            </param>
          </params>
          <reporter-output>
            <line>
              <![CDATA[<a href='D:\eclipse-workspace\uiFramework\src\main\resources\screenShots\testLogin4_2018-09-05-03-42-29.png'><img src='D:\eclipse-workspace\uiFramework\src\main\resources\screenShots\testLogin4_2018-09-05-03-42-29.png'height='100' width='100'/></a>]]>
            </line>
          </reporter-output>
        </test-method> <!-- afterMethod -->
        <test-method status="PASS" signature="afterTest()[pri:0, instance:com.uiFramework.companyName.projectName.testScripts.Test1@7b49cea0]" name="afterTest" is-config="true" duration-ms="802" started-at="2018-09-05T07:42:31Z" finished-at="2018-09-05T07:42:31Z">
          <reporter-output>
          </reporter-output>
        </test-method> <!-- afterTest -->
      </class> <!-- com.uiFramework.companyName.projectName.testScripts.Test1 -->
    </test> <!-- Test -->
  </suite> <!-- Suite -->
</testng-results>
